Model 11
Error at iteration 1 = 2.90e-02
04-Sep-2023 17:30:35
                                   estimate          t-stat            step 
Constant                             -1.847         -60.376       -0.047453 
Status Quo Bias                      -0.110          -2.859       -0.009950 
Std Dev                               0.722          18.008       -0.027666 
Original Persistent Std Dev           0.723           7.288       -0.027357 
SQB-Free Persistent Std Dev           0.633           8.430       -0.117155 
Original Transitory Std Dev           1.395          27.653       -0.005421 
SQB-Free Transitory Std Dev           1.429          43.865        0.029025 

Log-likelihood   -21219.7
Error at iteration 2 = 6.97e-03
04-Sep-2023 17:30:45
                                   estimate          t-stat            step 
Constant                             -1.840         -61.538        0.006973 
Status Quo Bias                      -0.115          -3.001       -0.004994 
Std Dev                               0.726          18.716        0.004029 
Original Persistent Std Dev           0.725           7.335        0.002260 
SQB-Free Persistent Std Dev           0.599           7.077       -0.034109 
Original Transitory Std Dev           1.394          28.250       -0.000249 
SQB-Free Transitory Std Dev           1.430          43.293        0.000654 

Log-likelihood   -21208.5
Error at iteration 3 = 8.21e-04
04-Sep-2023 17:30:55
                                   estimate          t-stat            step 
Constant                             -1.841         -62.185       -0.000538 
Status Quo Bias                      -0.114          -3.001        0.000821 
Std Dev                               0.726          18.943       -0.000802 
Original Persistent Std Dev           0.725           7.357        0.000080 
SQB-Free Persistent Std Dev           0.596           6.784       -0.002690 
Original Transitory Std Dev           1.394          28.216       -0.000319 
SQB-Free Transitory Std Dev           1.429          43.450       -0.000858 

Log-likelihood   -21208.3
Error at iteration 4 = 1.30e-04
04-Sep-2023 17:31:05
                                   estimate          t-stat            step 
Constant                             -1.841         -62.267        0.000060 
Status Quo Bias                      -0.114          -3.004       -0.000032 
Std Dev                               0.725          18.964       -0.000098 
Original Persistent Std Dev           0.725           7.366        0.000130 
SQB-Free Persistent Std Dev           0.596           6.770       -0.000491 
Original Transitory Std Dev           1.394          28.227       -0.000063 
SQB-Free Transitory Std Dev           1.428          43.512       -0.000485 

Log-likelihood   -21208.3
Error at iteration 5 = 1.42e-05
04-Sep-2023 17:31:15
                                   estimate          t-stat            step 
Constant                             -1.841         -62.294        0.000000 
Status Quo Bias                      -0.114          -3.004        0.000014 
Std Dev                               0.725          18.971       -0.000020 
Original Persistent Std Dev           0.725           7.369        0.000011 
SQB-Free Persistent Std Dev           0.596           6.771       -0.000039 
Original Transitory Std Dev           1.394          28.229       -0.000022 
SQB-Free Transitory Std Dev           1.428          43.537       -0.000183 

Log-likelihood   -21208.3
Error at iteration 6 = 3.06e-06
04-Sep-2023 17:31:25
                                   estimate          t-stat            step 
Constant                             -1.841         -62.300        0.000002 
Status Quo Bias                      -0.114          -3.005        0.000002 
Std Dev                               0.725          18.974       -0.000003 
Original Persistent Std Dev           0.725           7.369        0.000001 
SQB-Free Persistent Std Dev           0.596           6.773        0.000003 
Original Transitory Std Dev           1.394          28.229       -0.000006 
SQB-Free Transitory Std Dev           1.428          43.546       -0.000065 

Log-likelihood   -21208.3
Error at iteration 7 = 4.10e-06
04-Sep-2023 17:31:35
                                   estimate          t-stat            step 
Constant                             -1.841         -62.302        0.000001 
Status Quo Bias                      -0.114          -3.005        0.000001 
Std Dev                               0.725          18.974       -0.000001 
Original Persistent Std Dev           0.725           7.369       -0.000001 
SQB-Free Persistent Std Dev           0.596           6.773        0.000004 
Original Transitory Std Dev           1.394          28.229       -0.000002 
SQB-Free Transitory Std Dev           1.428          43.548       -0.000022 

Log-likelihood   -21208.3
Error at iteration 8 = 1.84e-06
04-Sep-2023 17:31:45
                                   estimate          t-stat            step 
Constant                             -1.841         -62.303        0.000000 
Status Quo Bias                      -0.114          -3.005        0.000000 
Std Dev                               0.725          18.975       -0.000000 
Original Persistent Std Dev           0.725           7.369       -0.000000 
SQB-Free Persistent Std Dev           0.596           6.774        0.000002 
Original Transitory Std Dev           1.394          28.229       -0.000001 
SQB-Free Transitory Std Dev           1.428          43.549       -0.000007 

Log-likelihood   -21208.3
Error at iteration 9 = 6.93e-07
04-Sep-2023 17:31:55
                                   estimate          t-stat            step 
Constant                             -1.841         -62.303        0.000000 
Status Quo Bias                      -0.114          -3.005        0.000000 
Std Dev                               0.725          18.975       -0.000000 
Original Persistent Std Dev           0.725           7.369       -0.000000 
SQB-Free Persistent Std Dev           0.596           6.774        0.000001 
Original Transitory Std Dev           1.394          28.229       -0.000000 
SQB-Free Transitory Std Dev           1.428          43.550       -0.000002 

Log-likelihood   -21208.3
Estimates of Model 11.0
04-Sep-2023 17:31:55
Sample size 11616
Number of iterations = 9
Error at last iteration = 6.93e-07
                                   estimate      std. error          t-stat 
Constant                             -1.841           0.030         -62.303 
Status Quo Bias                      -0.114           0.038          -3.005 
Std Dev                               0.725           0.038          18.975 
Original Persistent Std Dev           0.725           0.098           7.369 
SQB-Free Persistent Std Dev           0.596           0.088           6.774 
Original Transitory Std Dev           1.394           0.049          28.229 
SQB-Free Transitory Std Dev           1.428           0.033          43.550 

Log-likelihood   -21208.3
