disp('Model 12')
Model 12
EstimateRisk_KSS(c92,c94,c98,c00,c02,[X92 ,ones(N,1)],[X94 ,ones(N,1)],...
    [X98 ,zeros(N,1)],[X00, zeros(N,1)],[X02, zeros(N,1)]);
Error at iteration 1 = 7.79e-01
22-Aug-2023 16:32:58
                                   estimate          t-stat            step 
Constant                             -0.071          -0.212        0.779074 
Black                                -0.034          -0.704        0.166366 
Hispanic                              0.126           2.148        0.075622 
Male                                  0.225           6.419        0.025080 
Lt 12 Yrs Ed                          0.117           2.590        0.167103 
13-16 Yrs Ed                          0.261           6.152        0.061282 
Gt 16 Yrs Ed                          0.488           8.114        0.137936 
Age / 10                             -0.231          -7.023       -0.031216 
Log Total Income / 10                -0.313          -1.651       -0.262616 
Zero Total Income                    -0.153          -0.655       -0.103305 
Log Financial Assets / 10             0.053           0.624        0.152847 
Non-Positive Assets                   0.171           2.052        0.071269 
Unemployement Rate                   -0.071          -2.568       -0.170773 
Status Quo Bias                      -0.102          -1.462       -0.002026 
Std Dev                               0.527          12.227       -0.197549 
Original Persistent Std Dev           0.660           6.497       -0.089864 
SQB-Free Persistent Std Dev           0.809          10.672        0.059087 
Original Transitory Std Dev           1.399          27.267       -0.001031 
SQB-Free Transitory Std Dev           1.420          43.267        0.020230 

Log-likelihood   -21813.0
Error at iteration 2 = 1.79e-01
22-Aug-2023 16:33:23
                                   estimate          t-stat            step 
Constant                              0.091           0.291        0.161453 
Black                                -0.060          -1.395       -0.026508 
Hispanic                              0.127           2.353        0.001565 
Male                                  0.204           6.395       -0.021473 
Lt 12 Yrs Ed                          0.057           1.384       -0.060570 
13-16 Yrs Ed                          0.226           5.863       -0.035085 
Gt 16 Yrs Ed                          0.433           7.922       -0.054943 
Age / 10                             -0.245          -8.160       -0.013420 
Log Total Income / 10                -0.222          -1.262        0.090976 
Zero Total Income                    -0.096          -0.445        0.056834 
Log Financial Assets / 10             0.036           0.461       -0.016986 
Non-Positive Assets                   0.132           1.722       -0.039091 
Unemployement Rate                   -0.083          -3.126       -0.011857 
Status Quo Bias                      -0.106          -1.533       -0.003936 
Std Dev                               0.706          14.512        0.179043 
Original Persistent Std Dev           0.699           6.959        0.039168 
SQB-Free Persistent Std Dev           0.631           9.138       -0.178211 
Original Transitory Std Dev           1.406          29.812        0.007528 
SQB-Free Transitory Std Dev           1.428          43.369        0.007299 

Log-likelihood   -21150.4
Error at iteration 3 = 2.63e-02
22-Aug-2023 16:33:48
                                   estimate          t-stat            step 
Constant                              0.049           0.149       -0.041666 
Black                                -0.058          -1.237        0.002448 
Hispanic                              0.117           2.016       -0.010033 
Male                                  0.204           5.899        0.000153 
Lt 12 Yrs Ed                          0.061           1.381        0.004694 
13-16 Yrs Ed                          0.225           5.350       -0.001299 
Gt 16 Yrs Ed                          0.430           7.258       -0.002901 
Age / 10                             -0.243          -7.470        0.001874 
Log Total Income / 10                -0.195          -1.059        0.026309 
Zero Total Income                    -0.078          -0.344        0.018360 
Log Financial Assets / 10             0.041           0.499        0.005186 
Non-Positive Assets                   0.130           1.608       -0.002388 
Unemployement Rate                   -0.083          -3.078       -0.000200 
Status Quo Bias                      -0.095          -1.361        0.010498 
Std Dev                               0.700          17.656       -0.006083 
Original Persistent Std Dev           0.716           6.898        0.016345 
SQB-Free Persistent Std Dev           0.615           7.244       -0.015526 
Original Transitory Std Dev           1.397          27.884       -0.009989 
SQB-Free Transitory Std Dev           1.425          43.121       -0.002146 

Log-likelihood   -21122.6
Error at iteration 4 = 3.65e-03
22-Aug-2023 16:34:14
                                   estimate          t-stat            step 
Constant                              0.044           0.135       -0.004706 
Black                                -0.058          -1.247       -0.000210 
Hispanic                              0.116           2.009       -0.001017 
Male                                  0.203           5.917       -0.000364 
Lt 12 Yrs Ed                          0.062           1.398        0.000483 
13-16 Yrs Ed                          0.225           5.379        0.000104 
Gt 16 Yrs Ed                          0.430           7.298       -0.000005 
Age / 10                             -0.243          -7.501       -0.000041 
Log Total Income / 10                -0.192          -1.044        0.003655 
Zero Total Income                    -0.076          -0.335        0.002336 
Log Financial Assets / 10             0.041           0.496       -0.000399 
Non-Positive Assets                   0.129           1.609       -0.000540 
Unemployement Rate                   -0.082          -3.083        0.000388 
Status Quo Bias                      -0.097          -1.391       -0.001517 
Std Dev                               0.700          17.696       -0.000522 
Original Persistent Std Dev           0.718           7.156        0.002689 
SQB-Free Persistent Std Dev           0.612           7.131       -0.003179 
Original Transitory Std Dev           1.395          28.081       -0.001076 
SQB-Free Transitory Std Dev           1.423          43.333       -0.002046 

Log-likelihood   -21122.3
Error at iteration 5 = 1.23e-03
22-Aug-2023 16:34:39
                                   estimate          t-stat            step 
Constant                              0.043           0.131       -0.001523 
Black                                -0.058          -1.250       -0.000069 
Hispanic                              0.116           2.006       -0.000266 
Male                                  0.203           5.920       -0.000039 
Lt 12 Yrs Ed                          0.062           1.399        0.000015 
13-16 Yrs Ed                          0.225           5.382       -0.000072 
Gt 16 Yrs Ed                          0.430           7.303       -0.000086 
Age / 10                             -0.243          -7.505        0.000020 
Log Total Income / 10                -0.190          -1.038        0.001235 
Zero Total Income                    -0.075          -0.331        0.001010 
Log Financial Assets / 10             0.041           0.497        0.000037 
Non-Positive Assets                   0.129           1.609       -0.000066 
Unemployement Rate                   -0.082          -3.088        0.000021 
Status Quo Bias                      -0.097          -1.392        0.000060 
Std Dev                               0.700          17.727       -0.000137 
Original Persistent Std Dev           0.719           7.193        0.000300 
SQB-Free Persistent Std Dev           0.612           7.124       -0.000339 
Original Transitory Std Dev           1.395          28.098       -0.000214 
SQB-Free Transitory Std Dev           1.423          43.447       -0.000807 

Log-likelihood   -21122.3
Error at iteration 6 = 3.79e-04
22-Aug-2023 16:35:05
                                   estimate          t-stat            step 
Constant                              0.042           0.130       -0.000402 
Black                                -0.058          -1.250       -0.000027 
Hispanic                              0.116           2.005       -0.000069 
Male                                  0.203           5.921       -0.000015 
Lt 12 Yrs Ed                          0.062           1.400       -0.000005 
13-16 Yrs Ed                          0.225           5.383       -0.000014 
Gt 16 Yrs Ed                          0.430           7.305       -0.000029 
Age / 10                             -0.243          -7.507       -0.000006 
Log Total Income / 10                -0.190          -1.037        0.000379 
Zero Total Income                    -0.074          -0.329        0.000307 
Log Financial Assets / 10             0.041           0.498        0.000012 
Non-Positive Assets                   0.129           1.610        0.000004 
Unemployement Rate                   -0.082          -3.090        0.000012 
Status Quo Bias                      -0.097          -1.393       -0.000035 
Std Dev                               0.700          17.736       -0.000016 
Original Persistent Std Dev           0.719           7.199        0.000048 
SQB-Free Persistent Std Dev           0.612           7.130       -0.000040 
Original Transitory Std Dev           1.395          28.102       -0.000041 
SQB-Free Transitory Std Dev           1.422          43.486       -0.000307 

Log-likelihood   -21122.3
Error at iteration 7 = 1.23e-04
22-Aug-2023 16:35:31
                                   estimate          t-stat            step 
Constant                              0.042           0.129       -0.000130 
Black                                -0.058          -1.251       -0.000008 
Hispanic                              0.116           2.005       -0.000022 
Male                                  0.203           5.922       -0.000003 
Lt 12 Yrs Ed                          0.062           1.400       -0.000001 
13-16 Yrs Ed                          0.225           5.383       -0.000005 
Gt 16 Yrs Ed                          0.430           7.306       -0.000010 
Age / 10                             -0.243          -7.507       -0.000002 
Log Total Income / 10                -0.190          -1.036        0.000123 
Zero Total Income                    -0.074          -0.329        0.000102 
Log Financial Assets / 10             0.041           0.498        0.000007 
Non-Positive Assets                   0.129           1.610        0.000005 
Unemployement Rate                   -0.082          -3.090        0.000002 
Status Quo Bias                      -0.097          -1.394       -0.000004 
Std Dev                               0.700          17.740       -0.000004 
Original Persistent Std Dev           0.719           7.200        0.000004 
SQB-Free Persistent Std Dev           0.612           7.133        0.000010 
Original Transitory Std Dev           1.395          28.103       -0.000011 
SQB-Free Transitory Std Dev           1.422          43.500       -0.000110 

Log-likelihood   -21122.3
Error at iteration 8 = 4.02e-05
22-Aug-2023 16:35:58
                                   estimate          t-stat            step 
Constant                              0.042           0.129       -0.000040 
Black                                -0.058          -1.251       -0.000003 
Hispanic                              0.116           2.005       -0.000007 
Male                                  0.203           5.922       -0.000001 
Lt 12 Yrs Ed                          0.062           1.400       -0.000000 
13-16 Yrs Ed                          0.225           5.383       -0.000002 
Gt 16 Yrs Ed                          0.430           7.306       -0.000003 
Age / 10                             -0.243          -7.508       -0.000001 
Log Total Income / 10                -0.190          -1.036        0.000040 
Zero Total Income                    -0.074          -0.329        0.000033 
Log Financial Assets / 10             0.041           0.498        0.000003 
Non-Positive Assets                   0.129           1.610        0.000003 
Unemployement Rate                   -0.082          -3.090        0.000001 
Status Quo Bias                      -0.097          -1.394       -0.000002 
Std Dev                               0.700          17.741       -0.000000 
Original Persistent Std Dev           0.719           7.200        0.000000 
SQB-Free Persistent Std Dev           0.612           7.134        0.000007 
Original Transitory Std Dev           1.395          28.104       -0.000003 
SQB-Free Transitory Std Dev           1.422          43.505       -0.000038 

Log-likelihood   -21122.3
Error at iteration 9 = 1.34e-05
22-Aug-2023 16:36:25
                                   estimate          t-stat            step 
Constant                              0.042           0.129       -0.000013 
Black                                -0.058          -1.251       -0.000001 
Hispanic                              0.116           2.005       -0.000002 
Male                                  0.203           5.922       -0.000000 
Lt 12 Yrs Ed                          0.062           1.400       -0.000000 
13-16 Yrs Ed                          0.225           5.384       -0.000001 
Gt 16 Yrs Ed                          0.430           7.306       -0.000001 
Age / 10                             -0.243          -7.508       -0.000000 
Log Total Income / 10                -0.190          -1.036        0.000013 
Zero Total Income                    -0.074          -0.329        0.000011 
Log Financial Assets / 10             0.041           0.498        0.000001 
Non-Positive Assets                   0.129           1.610        0.000001 
Unemployement Rate                   -0.082          -3.090        0.000000 
Status Quo Bias                      -0.097          -1.394       -0.000000 
Std Dev                               0.700          17.742       -0.000000 
Original Persistent Std Dev           0.719           7.200       -0.000000 
SQB-Free Persistent Std Dev           0.612           7.135        0.000003 
Original Transitory Std Dev           1.395          28.104       -0.000001 
SQB-Free Transitory Std Dev           1.422          43.507       -0.000013 

Log-likelihood   -21122.3
Error at iteration 10 = 4.47e-06
22-Aug-2023 16:36:51
                                   estimate          t-stat            step 
Constant                              0.042           0.129       -0.000004 
Black                                -0.058          -1.251       -0.000000 
Hispanic                              0.116           2.005       -0.000001 
Male                                  0.203           5.922       -0.000000 
Lt 12 Yrs Ed                          0.062           1.400       -0.000000 
13-16 Yrs Ed                          0.225           5.384       -0.000000 
Gt 16 Yrs Ed                          0.430           7.306       -0.000000 
Age / 10                             -0.243          -7.508       -0.000000 
Log Total Income / 10                -0.190          -1.036        0.000004 
Zero Total Income                    -0.074          -0.329        0.000004 
Log Financial Assets / 10             0.041           0.498        0.000000 
Non-Positive Assets                   0.129           1.610        0.000000 
Unemployement Rate                   -0.082          -3.090        0.000000 
Status Quo Bias                      -0.097          -1.394       -0.000000 
Std Dev                               0.700          17.742        0.000000 
Original Persistent Std Dev           0.719           7.200       -0.000000 
SQB-Free Persistent Std Dev           0.612           7.135        0.000001 
Original Transitory Std Dev           1.395          28.104       -0.000000 
SQB-Free Transitory Std Dev           1.422          43.507       -0.000005 

Log-likelihood   -21122.3
Error at iteration 11 = 1.50e-06
22-Aug-2023 16:37:18
                                   estimate          t-stat            step 
Constant                              0.042           0.129       -0.000001 
Black                                -0.058          -1.251       -0.000000 
Hispanic                              0.116           2.005       -0.000000 
Male                                  0.203           5.922       -0.000000 
Lt 12 Yrs Ed                          0.062           1.400       -0.000000 
13-16 Yrs Ed                          0.225           5.384       -0.000000 
Gt 16 Yrs Ed                          0.430           7.306       -0.000000 
Age / 10                             -0.243          -7.508       -0.000000 
Log Total Income / 10                -0.190          -1.036        0.000002 
Zero Total Income                    -0.074          -0.329        0.000001 
Log Financial Assets / 10             0.041           0.498        0.000000 
Non-Positive Assets                   0.129           1.610        0.000000 
Unemployement Rate                   -0.082          -3.090        0.000000 
Status Quo Bias                      -0.097          -1.394       -0.000000 
Std Dev                               0.700          17.742        0.000000 
Original Persistent Std Dev           0.719           7.200       -0.000000 
SQB-Free Persistent Std Dev           0.612           7.135        0.000000 
Original Transitory Std Dev           1.395          28.104       -0.000000 
SQB-Free Transitory Std Dev           1.422          43.508       -0.000002 

Log-likelihood   -21122.3
Error at iteration 12 = 5.09e-07
22-Aug-2023 16:37:51
                                   estimate          t-stat            step 
Constant                              0.042           0.129       -0.000000 
Black                                -0.058          -1.251       -0.000000 
Hispanic                              0.116           2.005       -0.000000 
Male                                  0.203           5.922       -0.000000 
Lt 12 Yrs Ed                          0.062           1.400       -0.000000 
13-16 Yrs Ed                          0.225           5.384       -0.000000 
Gt 16 Yrs Ed                          0.430           7.306       -0.000000 
Age / 10                             -0.243          -7.508       -0.000000 
Log Total Income / 10                -0.190          -1.036        0.000001 
Zero Total Income                    -0.074          -0.329        0.000000 
Log Financial Assets / 10             0.041           0.498        0.000000 
Non-Positive Assets                   0.129           1.610        0.000000 
Unemployement Rate                   -0.082          -3.090        0.000000 
Status Quo Bias                      -0.097          -1.394       -0.000000 
Std Dev                               0.700          17.742        0.000000 
Original Persistent Std Dev           0.719           7.200       -0.000000 
SQB-Free Persistent Std Dev           0.612           7.135        0.000000 
Original Transitory Std Dev           1.395          28.104       -0.000000 
SQB-Free Transitory Std Dev           1.422          43.508       -0.000001 

Log-likelihood   -21122.3
Estimates of Model 12.0
22-Aug-2023 16:37:51
Sample size 11616
Number of iterations = 12
Error at last iteration = 5.09e-07
                                   estimate      std. error          t-stat 
Constant                              0.042           0.326           0.129 
Black                                -0.058           0.046          -1.251 
Hispanic                              0.116           0.058           2.005 
Male                                  0.203           0.034           5.922 
Lt 12 Yrs Ed                          0.062           0.044           1.400 
13-16 Yrs Ed                          0.225           0.042           5.384 
Gt 16 Yrs Ed                          0.430           0.059           7.306 
Age / 10                             -0.243           0.032          -7.508 
Log Total Income / 10                -0.190           0.183          -1.036 
Zero Total Income                    -0.074           0.226          -0.329 
Log Financial Assets / 10             0.041           0.082           0.498 
Non-Positive Assets                   0.129           0.080           1.610 
Unemployement Rate                   -0.082           0.027          -3.090 
Status Quo Bias                      -0.097           0.070          -1.394 
Std Dev                               0.700           0.039          17.742 
Original Persistent Std Dev           0.719           0.100           7.200 
SQB-Free Persistent Std Dev           0.612           0.086           7.135 
Original Transitory Std Dev           1.395           0.050          28.104 
SQB-Free Transitory Std Dev           1.422           0.033          43.508 

Log-likelihood   -21122.3
diary off;
