Model 13
Error at iteration 1 = 7.98e-01
05-Sep-2023 21:24:50
Error using <a href="matlab:matlab.internal.language.introspective.errorDocCallback('mprint')" style="font-weight:bold">mprint</a>
Wrong # rnames in mprint

Error in <a href="matlab:matlab.internal.language.introspective.errorDocCallback('EstimateRisk', 'E:\GitHub\mres-dissertation\Modifed MATLAB code - redo\Codes\EstimateRisk.m', 206)" style="font-weight:bold">EstimateRisk</a> (<a href="matlab: opentoline('E:\GitHub\mres-dissertation\Modifed MATLAB code - redo\Codes\EstimateRisk.m',206,0)">line 206</a>)
        mprint([b,b./se,d],info)

Error in <a href="matlab:matlab.internal.language.introspective.errorDocCallback('ImputeRisk', 'E:\GitHub\mres-dissertation\Modifed MATLAB code - redo\Codes\ImputeRisk.m', 297)" style="font-weight:bold">ImputeRisk</a> (<a href="matlab: opentoline('E:\GitHub\mres-dissertation\Modifed MATLAB code - redo\Codes\ImputeRisk.m',297,0)">line 297</a>)
EstimateRisk(RISK_1993, RISK_2002,
RISK_2004, RISK_2006, RISK_2010,
RISK_2012, RISK_2014,[W93
,ones(N,1)],[W02 ,ones(N,1)], [W04
,ones(N,1)],[W06, ones(N,1)], ...

05-Sep-2023 21:26:54
Model 13
Error at iteration 1 = 7.98e-01
05-Sep-2023 21:29:09
                                                  estimate          t-stat            step 
Constant                                            -1.353          -1.483       -0.548494 
Black                                               -0.111          -2.868       -0.013717 
Hispanic                                            -0.149          -3.360       -0.023547 
East                                                 0.124           1.165        0.105855 
North Central                                        0.104           0.979        0.080508 
South                                                0.079           0.762        0.110586 
West                                                -0.051          -0.487        0.100978 
Never married                                        0.538           0.722        0.516157 
Married (spouse present)                             0.903           1.212        0.527797 
Other marital status                                 0.748           1.005        0.525497 
Age/10                                               0.166           2.884        0.026850 
Unemployment rate                                   -0.059          -1.824        0.004206 
ICS                                                  0.073           2.869       -0.011412 
Mother's years of schooling                          0.002           0.255       -0.001460 
Father's years of schooling                         -0.020          -4.042       -0.009127 
Living with both biological parents at 14?           0.019           0.589       -0.014962 
AFQT score (2006 version)                           -0.014          -2.279       -0.002164 
Missing mom's education                             -0.054          -0.643       -0.075696 
Missing dad's education                             -0.137          -2.153       -0.158824 
Missing AFQT                                        -0.039          -0.537       -0.041726 
Status Quo Bias                                     -0.070          -0.360       -0.189170 
Std Dev                                              0.854          32.303        0.013770 
Original Persistent Std Dev                          0.256           3.481       -0.078204 
SQB-Free Persistent Std Dev                          0.190           0.193        0.798419 
Original Transitory Std Dev                          1.485          91.621        0.019293 
SQB-Free Transitory Std Dev                          2.119           7.820       -0.117216 

Log-likelihood   -37766.5
Error at iteration 2 = 3.15e-01
05-Sep-2023 21:31:23
                                                  estimate          t-stat            step 
Constant                                            -1.635          -1.557       -0.281603 
Black                                               -0.096          -2.451        0.014241 
Hispanic                                            -0.142          -3.157        0.006409 
East                                                 0.139           1.261        0.014710 
North Central                                        0.127           1.161        0.023385 
South                                                0.088           0.824        0.009292 
West                                                -0.032          -0.294        0.019231 
Never married                                        0.849           0.940        0.310546 
Married (spouse present)                             1.215           1.345        0.311951 
Other marital status                                 1.063           1.178        0.314620 
Age/10                                               0.139           2.373       -0.026522 
Unemployment rate                                   -0.064          -1.945       -0.005207 
ICS                                                  0.083           3.193        0.010378 
Mother's years of schooling                          0.001           0.109       -0.000873 
Father's years of schooling                         -0.020          -3.928        0.000106 
Living with both biological parents at 14?           0.014           0.413       -0.005388 
AFQT score (2006 version)                           -0.011          -1.723        0.003182 
Missing mom's education                             -0.065          -0.756       -0.011367 
Missing dad's education                             -0.168          -2.565       -0.030890 
Missing AFQT                                        -0.035          -0.477        0.003336 
Status Quo Bias                                     -0.089          -0.447       -0.018458 
Std Dev                                              0.828          33.581       -0.025417 
Original Persistent Std Dev                          0.371           4.067        0.115336 
SQB-Free Persistent Std Dev                         -0.826          -0.691       -1.016147 
Original Transitory Std Dev                          1.465          88.504       -0.020035 
SQB-Free Transitory Std Dev                          2.085          18.259       -0.033941 

Log-likelihood   -37571.2
Error at iteration 3 = 1.33e+00
05-Sep-2023 21:33:11
                                                  estimate          t-stat            step 
Constant                                            -1.636          -1.486       -0.001354 
Black                                               -0.096          -2.440        0.000205 
Hispanic                                            -0.143          -3.181       -0.001354 
East                                                 0.140           1.277        0.001157 
North Central                                        0.127           1.168        0.000241 
South                                                0.086           0.807       -0.002335 
West                                                -0.031          -0.289        0.000636 
Never married                                        0.863           0.897        0.014260 
Married (spouse present)                             1.232           1.281        0.016997 
Other marital status                                 1.079           1.123        0.016051 
Age/10                                               0.139           2.364       -0.000017 
Unemployment rate                                   -0.063          -1.907        0.001216 
ICS                                                  0.083           3.205       -0.000337 
Mother's years of schooling                          0.000           0.066       -0.000259 
Father's years of schooling                         -0.020          -3.882        0.000168 
Living with both biological parents at 14?           0.013           0.388       -0.000786 
AFQT score (2006 version)                           -0.011          -1.716        0.000015 
Missing mom's education                             -0.066          -0.767       -0.001255 
Missing dad's education                             -0.169          -2.571       -0.001190 
Missing AFQT                                        -0.036          -0.478       -0.000217 
Status Quo Bias                                     -0.109          -0.545       -0.020057 
Std Dev                                              0.836          31.505        0.007497 
Original Persistent Std Dev                          0.340           5.101       -0.030945 
SQB-Free Persistent Std Dev                          0.507           0.592        1.332670 
Original Transitory Std Dev                          1.464          90.032       -0.001499 
SQB-Free Transitory Std Dev                          2.354           6.925        0.269009 

Log-likelihood   -37587.6
Error at iteration 4 = 8.43e-02
05-Sep-2023 21:34:36
                                                  estimate          t-stat            step 
Constant                                            -1.704          -1.503       -0.067682 
Black                                               -0.097          -2.442       -0.000341 
Hispanic                                            -0.147          -3.259       -0.003873 
East                                                 0.137           1.250       -0.002597 
North Central                                        0.125           1.146       -0.002063 
South                                                0.081           0.761       -0.004559 
West                                                -0.036          -0.336       -0.005153 
Never married                                        0.943           0.945        0.079809 
Married (spouse present)                             1.316           1.319        0.084266 
Other marital status                                 1.161           1.164        0.082145 
Age/10                                               0.141           2.381        0.001638 
Unemployment rate                                   -0.062          -1.876        0.000749 
ICS                                                  0.082           3.181       -0.000521 
Mother's years of schooling                          0.000           0.059       -0.000044 
Father's years of schooling                         -0.020          -3.873       -0.000010 
Living with both biological parents at 14?           0.015           0.461        0.002451 
AFQT score (2006 version)                           -0.010          -1.581        0.000825 
Missing mom's education                             -0.068          -0.784       -0.001505 
Missing dad's education                             -0.167          -2.540        0.001615 
Missing AFQT                                        -0.036          -0.481       -0.000302 
Status Quo Bias                                     -0.130          -0.648       -0.021395 
Std Dev                                              0.844          30.481        0.008611 
Original Persistent Std Dev                          0.328           4.349       -0.012420 
SQB-Free Persistent Std Dev                         -0.601          -0.584       -1.107988 
Original Transitory Std Dev                          1.467          90.385        0.003655 
SQB-Free Transitory Std Dev                          2.155           9.553       -0.198367 

Log-likelihood   -37618.9
Error at iteration 5 = 1.25e+00
05-Sep-2023 21:36:05
                                                  estimate          t-stat            step 
Constant                                            -1.612          -1.444        0.092228 
Black                                               -0.095          -2.413        0.001124 
Hispanic                                            -0.144          -3.180        0.003405 
East                                                 0.137           1.253        0.000253 
North Central                                        0.124           1.140       -0.000811 
South                                                0.083           0.783        0.002198 
West                                                -0.034          -0.317        0.002058 
Never married                                        0.831           0.850       -0.111324 
Married (spouse present)                             1.201           1.229       -0.114996 
Other marital status                                 1.049           1.073       -0.112796 
Age/10                                               0.139           2.344       -0.002449 
Unemployment rate                                   -0.063          -1.912       -0.001059 
ICS                                                  0.083           3.215        0.000976 
Mother's years of schooling                          0.000           0.078        0.000118 
Father's years of schooling                         -0.020          -3.858        0.000063 
Living with both biological parents at 14?           0.013           0.382       -0.002635 
AFQT score (2006 version)                           -0.010          -1.628       -0.000299 
Missing mom's education                             -0.066          -0.764        0.001615 
Missing dad's education                             -0.168          -2.548       -0.000701 
Missing AFQT                                        -0.035          -0.468        0.000942 
Status Quo Bias                                     -0.101          -0.507        0.028846 
Std Dev                                              0.833          31.988       -0.011208 
Original Persistent Std Dev                          0.345           4.627        0.017525 
SQB-Free Persistent Std Dev                          0.650           0.666        1.251001 
Original Transitory Std Dev                          1.465          89.918       -0.002875 
SQB-Free Transitory Std Dev                          2.263           8.255        0.107639 

Log-likelihood   -37582.0
Error at iteration 6 = 9.06e-02
05-Sep-2023 21:37:33
                                                  estimate          t-stat            step 
Constant                                            -1.686          -1.506       -0.074269 
Black                                               -0.096          -2.443       -0.000948 
Hispanic                                            -0.146          -3.238       -0.002195 
East                                                 0.138           1.260        0.000699 
North Central                                        0.126           1.155        0.001613 
South                                                0.082           0.776       -0.000727 
West                                                -0.035          -0.320       -0.000265 
Never married                                        0.920           0.936        0.088290 
Married (spouse present)                             1.292           1.314        0.090640 
Other marital status                                 1.138           1.158        0.089079 
Age/10                                               0.140           2.379        0.001993 
Unemployment rate                                   -0.062          -1.885        0.000892 
ICS                                                  0.082           3.187       -0.000865 
Mother's years of schooling                          0.000           0.063       -0.000097 
Father's years of schooling                         -0.020          -3.879       -0.000054 
Living with both biological parents at 14?           0.015           0.439        0.001863 
AFQT score (2006 version)                           -0.010          -1.625        0.000042 
Missing mom's education                             -0.067          -0.779       -0.001139 
Missing dad's education                             -0.168          -2.554        0.000051 
Missing AFQT                                        -0.036          -0.481       -0.000841 
Status Quo Bias                                     -0.123          -0.613       -0.021468 
Std Dev                                              0.842          30.819        0.008259 
Original Persistent Std Dev                          0.332           4.525       -0.013699 
SQB-Free Persistent Std Dev                         -0.603          -0.613       -1.252480 
Original Transitory Std Dev                          1.466          90.246        0.001733 
SQB-Free Transitory Std Dev                          2.243           7.880       -0.019991 

Log-likelihood   -37607.8
Error at iteration 7 = 1.25e+00
05-Sep-2023 21:38:58
                                                  estimate          t-stat            step 
Constant                                            -1.657          -1.468        0.028797 
Black                                               -0.096          -2.423        0.000495 
Hispanic                                            -0.146          -3.215        0.000538 
East                                                 0.137           1.250       -0.000892 
North Central                                        0.124           1.140       -0.001410 
South                                                0.082           0.770       -0.000490 
West                                                -0.035          -0.328       -0.000925 
Never married                                        0.883           0.889       -0.037216 
Married (spouse present)                             1.254           1.264       -0.037646 
Other marital status                                 1.100           1.109       -0.037194 
Age/10                                               0.140           2.359       -0.000884 
Unemployment rate                                   -0.063          -1.892       -0.000366 
ICS                                                  0.083           3.199        0.000460 
Mother's years of schooling                          0.000           0.069        0.000043 
Father's years of schooling                         -0.020          -3.860        0.000036 
Living with both biological parents at 14?           0.014           0.421       -0.000554 
AFQT score (2006 version)                           -0.010          -1.592        0.000181 
Missing mom's education                             -0.067          -0.773        0.000275 
Missing dad's education                             -0.168          -2.540        0.000421 
Missing AFQT                                        -0.035          -0.472        0.000508 
Status Quo Bias                                     -0.112          -0.559        0.010602 
Std Dev                                              0.838          31.200       -0.003345 
Original Persistent Std Dev                          0.338           4.470        0.006279 
SQB-Free Persistent Std Dev                          0.644           0.638        1.246502 
Original Transitory Std Dev                          1.466          90.097       -0.000201 
SQB-Free Transitory Std Dev                          2.241           8.190       -0.002512 

Log-likelihood   -37597.7
Error at iteration 8 = 1.54e-02
05-Sep-2023 21:40:25
                                                  estimate          t-stat            step 
Constant                                            -1.667          -1.482       -0.010042 
Black                                               -0.096          -2.430       -0.000186 
Hispanic                                            -0.146          -3.222       -0.000142 
East                                                 0.138           1.255        0.000553 
North Central                                        0.125           1.147        0.000722 
South                                                0.082           0.774        0.000393 
West                                                -0.035          -0.322        0.000663 
Never married                                        0.896           0.907        0.013369 
Married (spouse present)                             1.267           1.283        0.013438 
Other marital status                                 1.114           1.128        0.013310 
Age/10                                               0.140           2.366        0.000328 
Unemployment rate                                   -0.062          -1.889        0.000146 
ICS                                                  0.083           3.193       -0.000178 
Mother's years of schooling                          0.000           0.067       -0.000017 
Father's years of schooling                         -0.020          -3.866       -0.000014 
Living with both biological parents at 14?           0.014           0.425        0.000140 
AFQT score (2006 version)                           -0.010          -1.611       -0.000111 
Missing mom's education                             -0.067          -0.775       -0.000075 
Missing dad's education                             -0.168          -2.547       -0.000284 
Missing AFQT                                        -0.036          -0.476       -0.000267 
Status Quo Bias                                     -0.116          -0.580       -0.004063 
Std Dev                                              0.839          31.063        0.001120 
Original Persistent Std Dev                          0.335           4.506       -0.002468 
SQB-Free Persistent Std Dev                         -0.627          -0.631       -1.271287 
Original Transitory Std Dev                          1.466          90.110        0.000033 
SQB-Free Transitory Std Dev                          2.256           7.837        0.015411 

Log-likelihood   -37600.9
Error at iteration 9 = 1.26e+00
05-Sep-2023 21:41:57
                                                  estimate          t-stat            step 
Constant                                            -1.670          -1.479       -0.002656 
Black                                               -0.096          -2.428        0.000010 
Hispanic                                            -0.146          -3.225       -0.000213 
East                                                 0.137           1.252       -0.000322 
North Central                                        0.125           1.143       -0.000336 
South                                                0.082           0.770       -0.000407 
West                                                -0.035          -0.327       -0.000529 
Never married                                        0.898           0.905        0.002495 
Married (spouse present)                             1.270           1.280        0.002786 
Other marital status                                 1.116           1.125        0.002659 
Age/10                                               0.140           2.365        0.000048 
Unemployment rate                                   -0.062          -1.887        0.000023 
ICS                                                  0.083           3.193        0.000013 
Mother's years of schooling                          0.000           0.067        0.000000 
Father's years of schooling                         -0.020          -3.864        0.000003 
Living with both biological parents at 14?           0.014           0.429        0.000140 
AFQT score (2006 version)                           -0.010          -1.596        0.000090 
Missing mom's education                             -0.067          -0.776       -0.000103 
Missing dad's education                             -0.168          -2.542        0.000206 
Missing AFQT                                        -0.036          -0.475        0.000060 
Status Quo Bias                                     -0.117          -0.582       -0.000427 
Std Dev                                              0.840          31.005        0.000427 
Original Persistent Std Dev                          0.335           4.457       -0.000381 
SQB-Free Persistent Std Dev                          0.635           0.630        1.261900 
Original Transitory Std Dev                          1.466          90.125        0.000282 
SQB-Free Transitory Std Dev                          2.246           7.952       -0.010111 

Log-likelihood   -37602.5
Error at iteration 10 = 7.21e-03
05-Sep-2023 21:43:28
                                                  estimate          t-stat            step 
Constant                                            -1.666          -1.477        0.004231 
Black                                               -0.096          -2.427        0.000049 
Hispanic                                            -0.146          -3.221        0.000151 
East                                                 0.137           1.252        0.000056 
North Central                                        0.125           1.143        0.000001 
South                                                0.082           0.771        0.000131 
West                                                -0.035          -0.325        0.000147 
Never married                                        0.893           0.901       -0.004974 
Married (spouse present)                             1.265           1.276       -0.005145 
Other marital status                                 1.111           1.121       -0.005044 
Age/10                                               0.140           2.363       -0.000111 
Unemployment rate                                   -0.062          -1.889       -0.000045 
ICS                                                  0.083           3.194        0.000044 
Mother's years of schooling                          0.000           0.067        0.000005 
Father's years of schooling                         -0.020          -3.863        0.000003 
Living with both biological parents at 14?           0.014           0.426       -0.000125 
AFQT score (2006 version)                           -0.010          -1.599       -0.000021 
Missing mom's education                             -0.067          -0.775        0.000075 
Missing dad's education                             -0.168          -2.543       -0.000056 
Missing AFQT                                        -0.035          -0.475        0.000021 
Status Quo Bias                                     -0.115          -0.576        0.001191 
Std Dev                                              0.839          31.069       -0.000513 
Original Persistent Std Dev                          0.336           4.471        0.000777 
SQB-Free Persistent Std Dev                         -0.637          -0.634       -1.271261 
Original Transitory Std Dev                          1.466          90.094       -0.000126 
SQB-Free Transitory Std Dev                          2.253           7.877        0.007208 

Log-likelihood   -37600.8
Error at iteration 11 = 1.27e+00
05-Sep-2023 21:44:55
                                                  estimate          t-stat            step 
Constant                                            -1.670          -1.480       -0.004267 
Black                                               -0.096          -2.428       -0.000053 
Hispanic                                            -0.146          -3.225       -0.000143 
East                                                 0.137           1.252        0.000004 
North Central                                        0.125           1.144        0.000052 
South                                                0.082           0.771       -0.000082 
West                                                -0.035          -0.326       -0.000065 
Never married                                        0.899           0.906        0.005222 
Married (spouse present)                             1.270           1.281        0.005380 
Other marital status                                 1.117           1.126        0.005281 
Age/10                                               0.140           2.365        0.000119 
Unemployment rate                                   -0.062          -1.887        0.000053 
ICS                                                  0.083           3.192       -0.000047 
Mother's years of schooling                          0.000           0.067       -0.000005 
Father's years of schooling                         -0.020          -3.863       -0.000003 
Living with both biological parents at 14?           0.014           0.429        0.000111 
AFQT score (2006 version)                           -0.010          -1.597        0.000010 
Missing mom's education                             -0.067          -0.776       -0.000072 
Missing dad's education                             -0.168          -2.543        0.000019 
Missing AFQT                                        -0.036          -0.476       -0.000047 
Status Quo Bias                                     -0.117          -0.583       -0.001438 
Std Dev                                              0.840          31.001        0.000546 
Original Persistent Std Dev                          0.335           4.460       -0.000909 
SQB-Free Persistent Std Dev                          0.635           0.631        1.271184 
Original Transitory Std Dev                          1.466          90.111        0.000132 
SQB-Free Transitory Std Dev                          2.251           7.858       -0.001831 

Log-likelihood   -37602.6
Error at iteration 12 = 1.99e-03
05-Sep-2023 21:46:20
                                                  estimate          t-stat            step 
Constant                                            -1.668          -1.477        0.001989 
Black                                               -0.096          -2.427        0.000033 
Hispanic                                            -0.146          -3.223        0.000042 
East                                                 0.137           1.252       -0.000058 
North Central                                        0.125           1.143       -0.000093 
South                                                0.082           0.770       -0.000028 
West                                                -0.035          -0.326       -0.000056 
Never married                                        0.896           0.903       -0.002550 
Married (spouse present)                             1.268           1.278       -0.002585 
Other marital status                                 1.114           1.123       -0.002553 
Age/10                                               0.140           2.364       -0.000061 
Unemployment rate                                   -0.062          -1.887       -0.000025 
ICS                                                  0.083           3.193        0.000031 
Mother's years of schooling                          0.000           0.067        0.000003 
Father's years of schooling                         -0.020          -3.862        0.000002 
Living with both biological parents at 14?           0.014           0.428       -0.000041 
AFQT score (2006 version)                           -0.010          -1.595        0.000011 
Missing mom's education                             -0.067          -0.775        0.000022 
Missing dad's education                             -0.168          -2.542        0.000024 
Missing AFQT                                        -0.035          -0.475        0.000035 
Status Quo Bias                                     -0.116          -0.579        0.000717 
Std Dev                                              0.840          31.028       -0.000230 
Original Persistent Std Dev                          0.335           4.456        0.000436 
SQB-Free Persistent Std Dev                         -0.637          -0.632       -1.271955 
Original Transitory Std Dev                          1.466          90.100       -0.000016 
SQB-Free Transitory Std Dev                          2.252           7.867        0.000502 

Log-likelihood   -37601.9
Error at iteration 13 = 1.27e+00
05-Sep-2023 21:47:49
                                                  estimate          t-stat            step 
Constant                                            -1.669          -1.478       -0.000965 
Black                                               -0.096          -2.427       -0.000015 
Hispanic                                            -0.146          -3.224       -0.000023 
East                                                 0.137           1.252        0.000032 
North Central                                        0.125           1.143        0.000045 
South                                                0.082           0.770        0.000013 
West                                                -0.035          -0.326        0.000031 
Never married                                        0.897           0.904        0.001266 
Married (spouse present)                             1.269           1.279        0.001287 
Other marital status                                 1.115           1.124        0.001269 
Age/10                                               0.140           2.365        0.000030 
Unemployment rate                                   -0.062          -1.887        0.000014 
ICS                                                  0.083           3.193       -0.000014 
Mother's years of schooling                          0.000           0.067       -0.000002 
Father's years of schooling                         -0.020          -3.863       -0.000001 
Living with both biological parents at 14?           0.014           0.428        0.000019 
AFQT score (2006 version)                           -0.010          -1.596       -0.000005 
Missing mom's education                             -0.067          -0.776       -0.000012 
Missing dad's education                             -0.168          -2.542       -0.000014 
Missing AFQT                                        -0.036          -0.475       -0.000021 
Status Quo Bias                                     -0.117          -0.581       -0.000396 
Std Dev                                              0.840          31.013        0.000123 
Original Persistent Std Dev                          0.335           4.457       -0.000239 
SQB-Free Persistent Std Dev                          0.636           0.632        1.273770 
Original Transitory Std Dev                          1.466          90.101        0.000017 
SQB-Free Transitory Std Dev                          2.253           7.842        0.000902 

Log-likelihood   -37602.2
Error at iteration 14 = 1.96e-05
05-Sep-2023 21:49:22
                                                  estimate          t-stat            step 
Constant                                            -1.669          -1.478       -0.000048 
Black                                               -0.096          -2.427        0.000003 
Hispanic                                            -0.146          -3.224       -0.000012 
East                                                 0.137           1.252       -0.000027 
North Central                                        0.125           1.143       -0.000031 
South                                                0.082           0.770       -0.000031 
West                                                -0.035          -0.326       -0.000041 
Never married                                        0.897           0.904       -0.000000 
Married (spouse present)                             1.269           1.279        0.000018 
Other marital status                                 1.115           1.124        0.000011 
Age/10                                               0.140           2.364       -0.000001 
Unemployment rate                                   -0.062          -1.887       -0.000000 
ICS                                                  0.083           3.193        0.000003 
Mother's years of schooling                          0.000           0.067        0.000000 
Father's years of schooling                         -0.020          -3.862        0.000000 
Living with both biological parents at 14?           0.014           0.428        0.000007 
AFQT score (2006 version)                           -0.010          -1.595        0.000007 
Missing mom's education                             -0.067          -0.776       -0.000006 
Missing dad's education                             -0.168          -2.542        0.000016 
Missing AFQT                                        -0.036          -0.475        0.000006 
Status Quo Bias                                     -0.116          -0.581        0.000018 
Std Dev                                              0.840          31.011        0.000014 
Original Persistent Std Dev                          0.335           4.453        0.000003 
SQB-Free Persistent Std Dev                         -0.637          -0.632       -1.273411 
Original Transitory Std Dev                          1.466          90.101        0.000020 
SQB-Free Transitory Std Dev                          2.252           7.849       -0.000547 

Log-likelihood   -37602.3
Error at iteration 15 = 1.27e+00
05-Sep-2023 21:50:50
                                                  estimate          t-stat            step 
Constant                                            -1.669          -1.478        0.000172 
Black                                               -0.096          -2.427        0.000002 
Hispanic                                            -0.146          -3.224        0.000006 
East                                                 0.137           1.252        0.000005 
North Central                                        0.125           1.143        0.000003 
South                                                0.082           0.770        0.000008 
West                                                -0.035          -0.326        0.000010 
Never married                                        0.897           0.904       -0.000191 
Married (spouse present)                             1.269           1.279       -0.000199 
Other marital status                                 1.115           1.124       -0.000195 
Age/10                                               0.140           2.364       -0.000004 
Unemployment rate                                   -0.062          -1.887       -0.000001 
ICS                                                  0.083           3.193        0.000002 
Mother's years of schooling                          0.000           0.067        0.000000 
Father's years of schooling                         -0.020          -3.862        0.000000 
Living with both biological parents at 14?           0.014           0.428       -0.000006 
AFQT score (2006 version)                           -0.010          -1.595       -0.000001 
Missing mom's education                             -0.067          -0.776        0.000003 
Missing dad's education                             -0.168          -2.542       -0.000004 
Missing AFQT                                        -0.036          -0.475       -0.000000 
Status Quo Bias                                     -0.116          -0.581        0.000036 
Std Dev                                              0.840          31.013       -0.000019 
Original Persistent Std Dev                          0.335           4.454        0.000025 
SQB-Free Persistent Std Dev                          0.637           0.632        1.274251 
Original Transitory Std Dev                          1.466          90.099       -0.000005 
SQB-Free Transitory Std Dev                          2.253           7.841        0.000560 

Log-likelihood   -37602.2
Error at iteration 16 = 3.59e-04
05-Sep-2023 21:52:16
                                                  estimate          t-stat            step 
Constant                                            -1.669          -1.478       -0.000286 
Black                                               -0.096          -2.427       -0.000003 
Hispanic                                            -0.146          -3.224       -0.000011 
East                                                 0.137           1.252       -0.000003 
North Central                                        0.125           1.143        0.000000 
South                                                0.082           0.770       -0.000009 
West                                                -0.035          -0.326       -0.000009 
Never married                                        0.898           0.904        0.000346 
Married (spouse present)                             1.269           1.279        0.000359 
Other marital status                                 1.115           1.124        0.000352 
Age/10                                               0.140           2.364        0.000008 
Unemployment rate                                   -0.062          -1.887        0.000004 
ICS                                                  0.083           3.193       -0.000003 
Mother's years of schooling                          0.000           0.067       -0.000000 
Father's years of schooling                         -0.020          -3.862       -0.000000 
Living with both biological parents at 14?           0.014           0.428        0.000008 
AFQT score (2006 version)                           -0.010          -1.595        0.000001 
Missing mom's education                             -0.067          -0.776       -0.000005 
Missing dad's education                             -0.168          -2.542        0.000003 
Missing AFQT                                        -0.036          -0.475       -0.000003 
Status Quo Bias                                     -0.117          -0.581       -0.000096 
Std Dev                                              0.840          31.008        0.000038 
Original Persistent Std Dev                          0.335           4.453       -0.000061 
SQB-Free Persistent Std Dev                         -0.637          -0.632       -1.274288 
Original Transitory Std Dev                          1.466          90.100        0.000011 
SQB-Free Transitory Std Dev                          2.253           7.840       -0.000139 

Log-likelihood   -37602.4
Error at iteration 17 = 1.27e+00
05-Sep-2023 21:53:41
                                                  estimate          t-stat            step 
Constant                                            -1.669          -1.478        0.000132 
Black                                               -0.096          -2.427        0.000002 
Hispanic                                            -0.146          -3.224        0.000003 
East                                                 0.137           1.252       -0.000004 
North Central                                        0.125           1.143       -0.000006 
South                                                0.082           0.770       -0.000002 
West                                                -0.035          -0.326       -0.000004 
Never married                                        0.897           0.904       -0.000168 
Married (spouse present)                             1.269           1.279       -0.000170 
Other marital status                                 1.115           1.124       -0.000168 
Age/10                                               0.140           2.364       -0.000004 
Unemployment rate                                   -0.062          -1.887       -0.000002 
ICS                                                  0.083           3.193        0.000002 
Mother's years of schooling                          0.000           0.067        0.000000 
Father's years of schooling                         -0.020          -3.862        0.000000 
Living with both biological parents at 14?           0.014           0.428       -0.000003 
AFQT score (2006 version)                           -0.010          -1.595        0.000001 
Missing mom's education                             -0.067          -0.776        0.000001 
Missing dad's education                             -0.168          -2.542        0.000001 
Missing AFQT                                        -0.036          -0.475        0.000002 
Status Quo Bias                                     -0.117          -0.581        0.000045 
Std Dev                                              0.840          31.010       -0.000015 
Original Persistent Std Dev                          0.335           4.453        0.000028 
SQB-Free Persistent Std Dev                          0.637           0.632        1.274451 
Original Transitory Std Dev                          1.466          90.099       -0.000000 
SQB-Free Transitory Std Dev                          2.253           7.839        0.000091 

Log-likelihood   -37602.3
Error at iteration 18 = 1.18e-04
05-Sep-2023 21:55:08
                                                  estimate          t-stat            step 
Constant                                            -1.669          -1.478       -0.000090 
Black                                               -0.096          -2.427       -0.000001 
Hispanic                                            -0.146          -3.224       -0.000003 
East                                                 0.137           1.252        0.000002 
North Central                                        0.125           1.143        0.000003 
South                                                0.082           0.770       -0.000000 
West                                                -0.035          -0.326        0.000001 
Never married                                        0.897           0.904        0.000115 
Married (spouse present)                             1.269           1.279        0.000118 
Other marital status                                 1.115           1.124        0.000116 
Age/10                                               0.140           2.364        0.000003 
Unemployment rate                                   -0.062          -1.887        0.000001 
ICS                                                  0.083           3.193       -0.000001 
Mother's years of schooling                          0.000           0.067       -0.000000 
Father's years of schooling                         -0.020          -3.862       -0.000000 
Living with both biological parents at 14?           0.014           0.428        0.000002 
AFQT score (2006 version)                           -0.010          -1.595       -0.000000 
Missing mom's education                             -0.067          -0.776       -0.000001 
Missing dad's education                             -0.168          -2.542       -0.000000 
Missing AFQT                                        -0.036          -0.475       -0.000002 
Status Quo Bias                                     -0.117          -0.581       -0.000035 
Std Dev                                              0.840          31.008        0.000012 
Original Persistent Std Dev                          0.335           4.452       -0.000022 
SQB-Free Persistent Std Dev                         -0.637          -0.632       -1.274601 
Original Transitory Std Dev                          1.466          90.100        0.000003 
SQB-Free Transitory Std Dev                          2.253           7.837        0.000056 

Log-likelihood   -37602.4
Error at iteration 19 = 1.27e+00
05-Sep-2023 21:56:43
                                                  estimate          t-stat            step 
Constant                                            -1.669          -1.478        0.000004 
Black                                               -0.096          -2.427        0.000000 
Hispanic                                            -0.146          -3.224       -0.000001 
East                                                 0.137           1.252       -0.000002 
North Central                                        0.125           1.143       -0.000003 
South                                                0.082           0.770       -0.000002 
West                                                -0.035          -0.326       -0.000003 
Never married                                        0.897           0.904       -0.000009 
Married (spouse present)                             1.269           1.279       -0.000008 
Other marital status                                 1.115           1.124       -0.000008 
Age/10                                               0.140           2.364       -0.000000 
Unemployment rate                                   -0.062          -1.887       -0.000000 
ICS                                                  0.083           3.193        0.000000 
Mother's years of schooling                          0.000           0.067        0.000000 
Father's years of schooling                         -0.020          -3.862        0.000000 
Living with both biological parents at 14?           0.014           0.428        0.000000 
AFQT score (2006 version)                           -0.010          -1.595        0.000001 
Missing mom's education                             -0.067          -0.776       -0.000000 
Missing dad's education                             -0.168          -2.542        0.000001 
Missing AFQT                                        -0.036          -0.475        0.000001 
Status Quo Bias                                     -0.117          -0.581        0.000003 
Std Dev                                              0.840          31.008        0.000000 
Original Persistent Std Dev                          0.335           4.452        0.000001 
SQB-Free Persistent Std Dev                          0.637           0.632        1.274611 
Original Transitory Std Dev                          1.466          90.099        0.000002 
SQB-Free Transitory Std Dev                          2.253           7.837       -0.000022 

Log-likelihood   -37602.4
Error at iteration 20 = 4.44e-05
05-Sep-2023 21:58:11
                                                  estimate          t-stat            step 
Constant                                            -1.669          -1.478        0.000001 
Black                                               -0.096          -2.427        0.000000 
Hispanic                                            -0.146          -3.224        0.000000 
East                                                 0.137           1.252        0.000000 
North Central                                        0.125           1.143        0.000000 
South                                                0.082           0.770        0.000000 
West                                                -0.035          -0.326        0.000000 
Never married                                        0.897           0.904       -0.000000 
Married (spouse present)                             1.269           1.279       -0.000000 
Other marital status                                 1.115           1.124       -0.000000 
Age/10                                               0.140           2.364        0.000000 
Unemployment rate                                   -0.062          -1.887        0.000000 
ICS                                                  0.083           3.193        0.000000 
Mother's years of schooling                          0.000           0.067       -0.000000 
Father's years of schooling                         -0.020          -3.862        0.000000 
Living with both biological parents at 14?           0.014           0.428       -0.000000 
AFQT score (2006 version)                           -0.010          -1.595       -0.000000 
Missing mom's education                             -0.067          -0.776        0.000000 
Missing dad's education                             -0.168          -2.542       -0.000000 
Missing AFQT                                        -0.036          -0.475       -0.000000 
Status Quo Bias                                     -0.117          -0.581       -0.000002 
Std Dev                                              0.840          31.008        0.000000 
Original Persistent Std Dev                          0.335           4.452       -0.000001 
SQB-Free Persistent Std Dev                         -0.637          -0.632       -1.274690 
Original Transitory Std Dev                          1.466          90.099        0.000000 
SQB-Free Transitory Std Dev                          2.253           7.837        0.000044 

Log-likelihood   -37602.4
Error at iteration 21 = 1.27e+00
05-Sep-2023 21:59:39
                                                  estimate          t-stat            step 
Constant                                            -1.669          -1.478       -0.000020 
Black                                               -0.096          -2.427       -0.000000 
Hispanic                                            -0.146          -3.224       -0.000001 
East                                                 0.137           1.252       -0.000000 
North Central                                        0.125           1.143       -0.000000 
South                                                0.082           0.770       -0.000001 
West                                                -0.035          -0.326       -0.000001 
Never married                                        0.897           0.904        0.000023 
Married (spouse present)                             1.269           1.279        0.000024 
Other marital status                                 1.115           1.124        0.000024 
Age/10                                               0.140           2.364        0.000001 
Unemployment rate                                   -0.062          -1.887        0.000000 
ICS                                                  0.083           3.193       -0.000000 
Mother's years of schooling                          0.000           0.067       -0.000000 
Father's years of schooling                         -0.020          -3.862       -0.000000 
Living with both biological parents at 14?           0.014           0.428        0.000001 
AFQT score (2006 version)                           -0.010          -1.595        0.000000 
Missing mom's education                             -0.067          -0.776       -0.000000 
Missing dad's education                             -0.168          -2.542        0.000000 
Missing AFQT                                        -0.036          -0.475       -0.000000 
Status Quo Bias                                     -0.117          -0.581       -0.000007 
Std Dev                                              0.840          31.008        0.000003 
Original Persistent Std Dev                          0.335           4.452       -0.000004 
SQB-Free Persistent Std Dev                          0.637           0.632        1.274702 
Original Transitory Std Dev                          1.466          90.099        0.000001 
SQB-Free Transitory Std Dev                          2.253           7.837       -0.000008 

Log-likelihood   -37602.4
Error at iteration 22 = 1.12e-05
05-Sep-2023 22:01:03
                                                  estimate          t-stat            step 
Constant                                            -1.669          -1.478        0.000008 
Black                                               -0.096          -2.427        0.000000 
Hispanic                                            -0.146          -3.224        0.000000 
East                                                 0.137           1.252       -0.000000 
North Central                                        0.125           1.143       -0.000000 
South                                                0.082           0.770       -0.000000 
West                                                -0.035          -0.326       -0.000000 
Never married                                        0.897           0.904       -0.000010 
Married (spouse present)                             1.269           1.279       -0.000010 
Other marital status                                 1.115           1.124       -0.000009 
Age/10                                               0.140           2.364       -0.000000 
Unemployment rate                                   -0.062          -1.887       -0.000000 
ICS                                                  0.083           3.193        0.000000 
Mother's years of schooling                          0.000           0.067        0.000000 
Father's years of schooling                         -0.020          -3.862        0.000000 
Living with both biological parents at 14?           0.014           0.428       -0.000000 
AFQT score (2006 version)                           -0.010          -1.595        0.000000 
Missing mom's education                             -0.067          -0.776        0.000000 
Missing dad's education                             -0.168          -2.541        0.000000 
Missing AFQT                                        -0.036          -0.475        0.000000 
Status Quo Bias                                     -0.117          -0.581        0.000002 
Std Dev                                              0.840          31.008       -0.000001 
Original Persistent Std Dev                          0.335           4.452        0.000001 
SQB-Free Persistent Std Dev                         -0.637          -0.632       -1.274725 
Original Transitory Std Dev                          1.466          90.099        0.000000 
SQB-Free Transitory Std Dev                          2.253           7.836        0.000011 

Log-likelihood   -37602.4
Error at iteration 23 = 1.27e+00
05-Sep-2023 22:02:33
                                                  estimate          t-stat            step 
Constant                                            -1.669          -1.478       -0.000008 
Black                                               -0.096          -2.427       -0.000000 
Hispanic                                            -0.146          -3.224       -0.000000 
East                                                 0.137           1.252        0.000000 
North Central                                        0.125           1.143        0.000000 
South                                                0.082           0.770       -0.000000 
West                                                -0.035          -0.326       -0.000000 
Never married                                        0.897           0.904        0.000010 
Married (spouse present)                             1.269           1.279        0.000010 
Other marital status                                 1.115           1.124        0.000010 
Age/10                                               0.140           2.364        0.000000 
Unemployment rate                                   -0.062          -1.887        0.000000 
ICS                                                  0.083           3.193       -0.000000 
Mother's years of schooling                          0.000           0.067       -0.000000 
Father's years of schooling                         -0.020          -3.862       -0.000000 
Living with both biological parents at 14?           0.014           0.428        0.000000 
AFQT score (2006 version)                           -0.010          -1.595        0.000000 
Missing mom's education                             -0.067          -0.776       -0.000000 
Missing dad's education                             -0.168          -2.541        0.000000 
Missing AFQT                                        -0.036          -0.475       -0.000000 
Status Quo Bias                                     -0.117          -0.581       -0.000003 
Std Dev                                              0.840          31.008        0.000001 
Original Persistent Std Dev                          0.335           4.452       -0.000002 
SQB-Free Persistent Std Dev                          0.637           0.632        1.274740 
Original Transitory Std Dev                          1.466          90.099        0.000000 
SQB-Free Transitory Std Dev                          2.253           7.836        0.000004 

Log-likelihood   -37602.4
Error at iteration 24 = 4.00e-07
05-Sep-2023 22:04:05
                                                  estimate          t-stat            step 
Constant                                            -1.669          -1.478        0.000000 
Black                                               -0.096          -2.427        0.000000 
Hispanic                                            -0.146          -3.224       -0.000000 
East                                                 0.137           1.252       -0.000000 
North Central                                        0.125           1.143       -0.000000 
South                                                0.082           0.770       -0.000000 
West                                                -0.035          -0.326       -0.000000 
Never married                                        0.897           0.904       -0.000001 
Married (spouse present)                             1.269           1.279       -0.000001 
Other marital status                                 1.115           1.124       -0.000001 
Age/10                                               0.140           2.364       -0.000000 
Unemployment rate                                   -0.062          -1.887       -0.000000 
ICS                                                  0.083           3.193        0.000000 
Mother's years of schooling                          0.000           0.067        0.000000 
Father's years of schooling                         -0.020          -3.862        0.000000 
Living with both biological parents at 14?           0.014           0.428        0.000000 
AFQT score (2006 version)                           -0.010          -1.595        0.000000 
Missing mom's education                             -0.067          -0.776       -0.000000 
Missing dad's education                             -0.168          -2.541        0.000000 
Missing AFQT                                        -0.036          -0.475        0.000000 
Status Quo Bias                                     -0.117          -0.581        0.000000 
Std Dev                                              0.840          31.008        0.000000 
Original Persistent Std Dev                          0.335           4.452        0.000000 
SQB-Free Persistent Std Dev                         -0.637          -0.632       -1.274745 
Original Transitory Std Dev                          1.466          90.099        0.000000 
SQB-Free Transitory Std Dev                          2.253           7.836        0.000000 

Log-likelihood   -37602.4
Estimates of Model 13.0
05-Sep-2023 22:04:05
Sample size 9279
Number of iterations = 24
Error at last iteration = 4.00e-07
                                                  estimate      std. error          t-stat 
Constant                                            -1.669           1.129          -1.478 
Black                                               -0.096           0.040          -2.427 
Hispanic                                            -0.146           0.045          -3.224 
East                                                 0.137           0.110           1.252 
North Central                                        0.125           0.109           1.143 
South                                                0.082           0.106           0.770 
West                                                -0.035           0.108          -0.326 
Never married                                        0.897           0.993           0.904 
Married (spouse present)                             1.269           0.993           1.279 
Other marital status                                 1.115           0.992           1.124 
Age/10                                               0.140           0.059           2.364 
Unemployment rate                                   -0.062           0.033          -1.887 
ICS                                                  0.083           0.026           3.193 
Mother's years of schooling                          0.000           0.006           0.067 
Father's years of schooling                         -0.020           0.005          -3.862 
Living with both biological parents at 14?           0.014           0.033           0.428 
AFQT score (2006 version)                           -0.010           0.006          -1.595 
Missing mom's education                             -0.067           0.087          -0.776 
Missing dad's education                             -0.168           0.066          -2.541 
Missing AFQT                                        -0.036           0.075          -0.475 
Status Quo Bias                                     -0.117           0.200          -0.581 
Std Dev                                              0.840           0.027          31.008 
Original Persistent Std Dev                          0.335           0.075           4.452 
SQB-Free Persistent Std Dev                         -0.637           1.009          -0.632 
Original Transitory Std Dev                          1.466           0.016          90.099 
SQB-Free Transitory Std Dev                          2.253           0.287           7.836 

Log-likelihood   -37602.4
