Model 11
[Warning: Matrix is singular to working precision.] 
[Warning: Matrix is singular to working precision.] 
Error at iteration 1 = 1.37e-01
24-Aug-2023 18:23:17
                                   estimate          t-stat            step 
Constant                                NaN             NaN             NaN 
Status Quo Bias                         NaN             NaN             NaN 
Std Dev                                 NaN             NaN             NaN 
Original Persistent Std Dev             NaN             NaN             NaN 
SQB-Free Persistent Std Dev             NaN             NaN             NaN 
Original Transitory Std Dev           1.412           0.000        0.107736 
SQB-Free Transitory Std Dev           2.158           0.000        0.137403 

Log-likelihood   -38280.7
Error using <a href="matlab:matlab.internal.language.introspective.errorDocCallback('chol')" style="font-weight:bold">chol</a>
Matrix must be positive definite.

Error in <a href="matlab:matlab.internal.language.introspective.errorDocCallback('qnwnorm', 'C:\Users\uctpcpp\Desktop\mres-dissertation\Modifed MATLAB code\Codes\qnwnorm.m', 35)" style="font-weight:bold">qnwnorm</a> (<a href="matlab: opentoline('C:\Users\uctpcpp\Desktop\mres-dissertation\Modifed MATLAB code\Codes\qnwnorm.m',35,0)">line 35</a>)
x = x*chol(var)+mu(ones(prod(n),1),:);

Error in <a href="matlab:matlab.internal.language.introspective.errorDocCallback('likelihood', 'C:\Users\uctpcpp\Desktop\mres-dissertation\Modifed MATLAB code\Codes\likelihood.m', 46)" style="font-weight:bold">likelihood</a> (<a href="matlab: opentoline('C:\Users\uctpcpp\Desktop\mres-dissertation\Modifed MATLAB code\Codes\likelihood.m',46,0)">line 46</a>)
[xU,pU] = qnwnorm(Nodes,0,sigmau^2);

Error in <a href="matlab:matlab.internal.language.introspective.errorDocCallback('EstimateRisk', 'C:\Users\uctpcpp\Desktop\mres-dissertation\Modifed MATLAB code\Codes\EstimateRisk.m', 174)" style="font-weight:bold">EstimateRisk</a> (<a href="matlab: opentoline('C:\Users\uctpcpp\Desktop\mres-dissertation\Modifed MATLAB code\Codes\EstimateRisk.m',174,0)">line 174</a>)
        lik =
        likelihood(b,c93,c02,c04,c06,c10,c12,c14,X93,X02,X04,X06,X10,X12,X14);

Error in <a href="matlab:matlab.internal.language.introspective.errorDocCallback('ImputeRisk', 'C:\Users\uctpcpp\Desktop\mres-dissertation\Modifed MATLAB code\Codes\ImputeRisk.m', 254)" style="font-weight:bold">ImputeRisk</a> (<a href="matlab: opentoline('C:\Users\uctpcpp\Desktop\mres-dissertation\Modifed MATLAB code\Codes\ImputeRisk.m',254,0)">line 254</a>)
EstimateRisk(RISK_1993, RISK_2002, RISK_2004, RISK_2006,
RISK_2010, RISK_2012,
RISK_2014,[X93(:,1),ones(N,1)],[X02(:,1),ones(N,1)],[X04(:,1),ones(N,1)],[X06(:,1),ones(N,1)],[X10(:,1),zeros(N,1)],[X12(:,1),zeros(N,1)],[X14(:,1),zeros(N,1)]);

24-Aug-2023 18:24:56
Model 11
Error at iteration 1 = 4.18e-01
24-Aug-2023 18:25:13
                                   estimate          t-stat            step 
Constant                             -0.038          -1.046        0.013208 
Status Quo Bias                       0.136           3.370        0.021926 
Std Dev                               0.869          25.532       -0.025098 
Original Persistent Std Dev           0.372          10.112       -0.769173 
SQB-Free Persistent Std Dev           0.381           1.239        0.418301 
Original Transitory Std Dev           1.409         104.220        0.105220 
SQB-Free Transitory Std Dev           2.039          49.843        0.017955 

Log-likelihood   -38229.3
Error at iteration 2 = 6.23e-02
24-Aug-2023 18:25:31
                                   estimate          t-stat            step 
Constant                             -0.088          -2.399       -0.049787 
Status Quo Bias                       0.133           3.514       -0.002964 
Std Dev                               0.845          35.244       -0.024039 
Original Persistent Std Dev           0.363           5.930       -0.008835 
SQB-Free Persistent Std Dev          -0.349          -0.456       -0.730798 
Original Transitory Std Dev           1.471          96.825        0.062252 
SQB-Free Transitory Std Dev           2.082          14.128        0.042634 

Log-likelihood   -37824.6
Error at iteration 3 = 8.02e-01
24-Aug-2023 18:25:49
                                   estimate          t-stat            step 
Constant                             -0.068          -1.851        0.020072 
Status Quo Bias                       0.117           3.069       -0.016399 
Std Dev                               0.842          33.783       -0.002519 
Original Persistent Std Dev           0.354           5.409       -0.009132 
SQB-Free Persistent Std Dev           0.453           0.539        0.802273 
Original Transitory Std Dev           1.480          91.225        0.009003 
SQB-Free Transitory Std Dev           2.100          14.424        0.018510 

Log-likelihood   -37808.0
Error at iteration 4 = 4.69e-02
24-Aug-2023 18:26:07
                                   estimate          t-stat            step 
Constant                             -0.065          -1.760        0.002189 
Status Quo Bias                       0.115           2.979       -0.001367 
Std Dev                               0.844          33.360        0.001500 
Original Persistent Std Dev           0.352           5.184       -0.001735 
SQB-Free Persistent Std Dev          -0.484          -0.549       -0.936745 
Original Transitory Std Dev           1.483          90.582        0.002716 
SQB-Free Transitory Std Dev           2.147          11.117        0.046884 

Log-likelihood   -37810.6
Error at iteration 5 = 9.82e-01
24-Aug-2023 18:26:25
                                   estimate          t-stat            step 
Constant                             -0.059          -1.552        0.006662 
Status Quo Bias                       0.109           2.762       -0.006410 
Std Dev                               0.846          32.794        0.002558 
Original Persistent Std Dev           0.349           5.024       -0.002766 
SQB-Free Persistent Std Dev           0.498           0.545        0.981832 
Original Transitory Std Dev           1.485          90.426        0.001457 
SQB-Free Transitory Std Dev           2.159          10.331        0.011600 

Log-likelihood   -37817.7
Error at iteration 6 = 7.73e-03
24-Aug-2023 18:26:43
                                   estimate          t-stat            step 
Constant                             -0.057          -1.510        0.001188 
Status Quo Bias                       0.108           2.723       -0.000911 
Std Dev                               0.847          32.663        0.000555 
Original Persistent Std Dev           0.349           4.953       -0.000238 
SQB-Free Persistent Std Dev          -0.511          -0.549       -1.008699 
Original Transitory Std Dev           1.485          90.335        0.000575 
SQB-Free Transitory Std Dev           2.166           9.975        0.007729 

Log-likelihood   -37819.4
Error at iteration 7 = 1.02e+00
24-Aug-2023 18:27:02
                                   estimate          t-stat            step 
Constant                             -0.056          -1.467        0.001436 
Status Quo Bias                       0.107           2.678       -0.001360 
Std Dev                               0.848          32.555        0.000549 
Original Persistent Std Dev           0.349           4.922       -0.000614 
SQB-Free Persistent Std Dev           0.514           0.549        1.024864 
Original Transitory Std Dev           1.486          90.303        0.000310 
SQB-Free Transitory Std Dev           2.172           9.724        0.005324 

Log-likelihood   -37821.0
Error at iteration 8 = 1.37e-03
24-Aug-2023 18:27:20
                                   estimate          t-stat            step 
Constant                             -0.055          -1.445        0.000684 
Status Quo Bias                       0.106           2.656       -0.000626 
Std Dev                               0.848          32.501        0.000275 
Original Persistent Std Dev           0.348           4.900       -0.000244 
SQB-Free Persistent Std Dev          -0.517          -0.550       -1.031202 
Original Transitory Std Dev           1.486          90.287        0.000183 
SQB-Free Transitory Std Dev           2.173           9.644        0.001366 

Log-likelihood   -37821.9
Error at iteration 9 = 1.04e+00
24-Aug-2023 18:27:38
                                   estimate          t-stat            step 
Constant                             -0.055          -1.438        0.000225 
Status Quo Bias                       0.106           2.649       -0.000193 
Std Dev                               0.848          32.482        0.000093 
Original Persistent Std Dev           0.348           4.891       -0.000074 
SQB-Free Persistent Std Dev           0.519           0.550        1.035808 
Original Transitory Std Dev           1.486          90.275        0.000076 
SQB-Free Transitory Std Dev           2.175           9.582        0.001553 

Log-likelihood   -37822.2
Error at iteration 10 = 5.35e-04
24-Aug-2023 18:27:56
                                   estimate          t-stat            step 
Constant                             -0.055          -1.431        0.000254 
Status Quo Bias                       0.105           2.641       -0.000243 
Std Dev                               0.848          32.464        0.000096 
Original Persistent Std Dev           0.348           4.886       -0.000107 
SQB-Free Persistent Std Dev          -0.519          -0.550       -1.037853 
Original Transitory Std Dev           1.486          90.272        0.000052 
SQB-Free Transitory Std Dev           2.175           9.553        0.000535 

Log-likelihood   -37822.5
Error at iteration 11 = 1.04e+00
24-Aug-2023 18:28:14
                                   estimate          t-stat            step 
Constant                             -0.055          -1.428        0.000064 
Status Quo Bias                       0.105           2.639       -0.000053 
Std Dev                               0.848          32.458        0.000028 
Original Persistent Std Dev           0.348           4.883       -0.000017 
SQB-Free Persistent Std Dev           0.520           0.550        1.038968 
Original Transitory Std Dev           1.486          90.269        0.000024 
SQB-Free Transitory Std Dev           2.175           9.540        0.000311 

Log-likelihood   -37822.5
Error at iteration 12 = 2.23e-04
24-Aug-2023 18:28:32
                                   estimate          t-stat            step 
Constant                             -0.055          -1.427        0.000058 
Status Quo Bias                       0.105           2.638       -0.000055 
Std Dev                               0.848          32.454        0.000022 
Original Persistent Std Dev           0.348           4.881       -0.000024 
SQB-Free Persistent Std Dev          -0.520          -0.550       -1.039657 
Original Transitory Std Dev           1.486          90.267        0.000013 
SQB-Free Transitory Std Dev           2.176           9.530        0.000223 

Log-likelihood   -37822.6
Error at iteration 13 = 1.04e+00
24-Aug-2023 18:28:50
                                   estimate          t-stat            step 
Constant                             -0.055          -1.426        0.000031 
Status Quo Bias                       0.105           2.637       -0.000028 
Std Dev                               0.848          32.451        0.000012 
Original Persistent Std Dev           0.348           4.880       -0.000011 
SQB-Free Persistent Std Dev           0.520           0.550        1.039948 
Original Transitory Std Dev           1.486          90.267        0.000008 
SQB-Free Transitory Std Dev           2.176           9.526        0.000068 

Log-likelihood   -37822.7
Error at iteration 14 = 6.37e-05
24-Aug-2023 18:29:08
                                   estimate          t-stat            step 
Constant                             -0.055          -1.425        0.000011 
Status Quo Bias                       0.105           2.636       -0.000009 
Std Dev                               0.848          32.450        0.000004 
Original Persistent Std Dev           0.348           4.880       -0.000004 
SQB-Free Persistent Std Dev          -0.520          -0.550       -1.040143 
Original Transitory Std Dev           1.486          90.266        0.000003 
SQB-Free Transitory Std Dev           2.176           9.524        0.000064 

Log-likelihood   -37822.7
Error at iteration 15 = 1.04e+00
24-Aug-2023 18:29:26
                                   estimate          t-stat            step 
Constant                             -0.055          -1.425        0.000011 
Status Quo Bias                       0.105           2.636       -0.000010 
Std Dev                               0.848          32.450        0.000004 
Original Persistent Std Dev           0.348           4.880       -0.000004 
SQB-Free Persistent Std Dev           0.520           0.550        1.040236 
Original Transitory Std Dev           1.486          90.266        0.000002 
SQB-Free Transitory Std Dev           2.176           9.522        0.000025 

Log-likelihood   -37822.7
Error at iteration 16 = 1.36e-05
24-Aug-2023 18:29:44
                                   estimate          t-stat            step 
Constant                             -0.055          -1.425        0.000003 
Status Quo Bias                       0.105           2.636       -0.000003 
Std Dev                               0.848          32.449        0.000001 
Original Persistent Std Dev           0.348           4.880       -0.000001 
SQB-Free Persistent Std Dev          -0.520          -0.550       -1.040285 
Original Transitory Std Dev           1.486          90.266        0.000001 
SQB-Free Transitory Std Dev           2.176           9.522        0.000014 

Log-likelihood   -37822.7
Error at iteration 17 = 1.04e+00
24-Aug-2023 18:30:02
                                   estimate          t-stat            step 
Constant                             -0.055          -1.425        0.000002 
Status Quo Bias                       0.105           2.636       -0.000002 
Std Dev                               0.848          32.449        0.000001 
Original Persistent Std Dev           0.348           4.879       -0.000001 
SQB-Free Persistent Std Dev           0.520           0.550        1.040315 
Original Transitory Std Dev           1.486          90.266        0.000001 
SQB-Free Transitory Std Dev           2.176           9.521        0.000010 

Log-likelihood   -37822.7
Error at iteration 18 = 3.12e-06
24-Aug-2023 18:30:20
                                   estimate          t-stat            step 
Constant                             -0.055          -1.425        0.000001 
Status Quo Bias                       0.105           2.636       -0.000001 
Std Dev                               0.848          32.449        0.000001 
Original Persistent Std Dev           0.348           4.879       -0.000001 
SQB-Free Persistent Std Dev          -0.520          -0.550       -1.040328 
Original Transitory Std Dev           1.486          90.266        0.000000 
SQB-Free Transitory Std Dev           2.176           9.521        0.000003 

Log-likelihood   -37822.7
Error at iteration 19 = 1.04e+00
24-Aug-2023 18:30:38
                                   estimate          t-stat            step 
Constant                             -0.055          -1.425        0.000000 
Status Quo Bias                       0.105           2.636       -0.000000 
Std Dev                               0.848          32.449        0.000000 
Original Persistent Std Dev           0.348           4.879       -0.000000 
SQB-Free Persistent Std Dev           0.520           0.550        1.040337 
Original Transitory Std Dev           1.486          90.266        0.000000 
SQB-Free Transitory Std Dev           2.176           9.521        0.000003 

Log-likelihood   -37822.7
Error at iteration 20 = 1.55e-06
24-Aug-2023 18:30:56
                                   estimate          t-stat            step 
Constant                             -0.055          -1.425        0.000000 
Status Quo Bias                       0.105           2.636       -0.000000 
Std Dev                               0.848          32.449        0.000000 
Original Persistent Std Dev           0.348           4.879       -0.000000 
SQB-Free Persistent Std Dev          -0.520          -0.550       -1.040342 
Original Transitory Std Dev           1.486          90.266        0.000000 
SQB-Free Transitory Std Dev           2.176           9.521        0.000002 

Log-likelihood   -37822.7
Error at iteration 21 = 1.04e+00
24-Aug-2023 18:31:14
                                   estimate          t-stat            step 
Constant                             -0.055          -1.425        0.000000 
Status Quo Bias                       0.105           2.636       -0.000000 
Std Dev                               0.848          32.449        0.000000 
Original Persistent Std Dev           0.348           4.879       -0.000000 
SQB-Free Persistent Std Dev           0.520           0.550        1.040344 
Original Transitory Std Dev           1.486          90.266        0.000000 
SQB-Free Transitory Std Dev           2.176           9.521        0.000000 

Log-likelihood   -37822.7
Error at iteration 22 = 4.08e-07
24-Aug-2023 18:31:32
                                   estimate          t-stat            step 
Constant                             -0.055          -1.425        0.000000 
Status Quo Bias                       0.105           2.636       -0.000000 
Std Dev                               0.848          32.449        0.000000 
Original Persistent Std Dev           0.348           4.879       -0.000000 
SQB-Free Persistent Std Dev          -0.520          -0.550       -1.040345 
Original Transitory Std Dev           1.486          90.266        0.000000 
SQB-Free Transitory Std Dev           2.176           9.521        0.000000 

Log-likelihood   -37822.7
Estimates of Model 11.0
24-Aug-2023 18:31:32
Sample size 9279
Number of iterations = 22
Error at last iteration = 4.08e-07
                                   estimate      std. error          t-stat 
Constant                             -0.055           0.038          -1.425 
Status Quo Bias                       0.105           0.040           2.636 
Std Dev                               0.848           0.026          32.449 
Original Persistent Std Dev           0.348           0.071           4.879 
SQB-Free Persistent Std Dev          -0.520           0.945          -0.550 
Original Transitory Std Dev           1.486           0.016          90.266 
SQB-Free Transitory Std Dev           2.176           0.229           9.521 

Log-likelihood   -37822.7
Model 11
Error at iteration 1 = 1.04e+00
24-Aug-2023 18:44:12
                                   estimate          t-stat            step 
Constant                             -0.055          -1.423        0.000378 
Status Quo Bias                       0.105           2.634        0.000213 
Std Dev                               0.848          32.443        0.000001 
Original Persistent Std Dev           0.348           4.879        0.000051 
SQB-Free Persistent Std Dev           0.521           0.551        1.040760 
Original Transitory Std Dev           1.486          90.254       -0.000132 
SQB-Free Transitory Std Dev           2.176           9.523       -0.000101 

Log-likelihood   -37822.7
Error at iteration 2 = 1.32e-04
24-Aug-2023 18:44:31
                                   estimate          t-stat            step 
Constant                             -0.055          -1.424       -0.000053 
Status Quo Bias                       0.105           2.635        0.000061 
Std Dev                               0.848          32.447        0.000057 
Original Persistent Std Dev           0.348           4.879       -0.000055 
SQB-Free Persistent Std Dev          -0.520          -0.550       -1.040874 
Original Transitory Std Dev           1.486          90.268        0.000032 
SQB-Free Transitory Std Dev           2.176           9.512        0.000132 

Log-likelihood   -37822.7
Error at iteration 3 = 1.04e+00
24-Aug-2023 18:44:50
                                   estimate          t-stat            step 
Constant                             -0.055          -1.424        0.000017 
Status Quo Bias                       0.105           2.635       -0.000013 
Std Dev                               0.848          32.447       -0.000004 
Original Persistent Std Dev           0.348           4.879        0.000013 
SQB-Free Persistent Std Dev           0.520           0.550        1.040368 
Original Transitory Std Dev           1.486          90.266        0.000001 
SQB-Free Transitory Std Dev           2.176           9.521       -0.000261 

Log-likelihood   -37822.7
Error at iteration 4 = 9.75e-05
24-Aug-2023 18:45:09
                                   estimate          t-stat            step 
Constant                             -0.055          -1.425       -0.000037 
Status Quo Bias                       0.105           2.636        0.000037 
Std Dev                               0.848          32.449       -0.000011 
Original Persistent Std Dev           0.348           4.879        0.000014 
SQB-Free Persistent Std Dev          -0.520          -0.550       -1.040471 
Original Transitory Std Dev           1.486          90.265       -0.000004 
SQB-Free Transitory Std Dev           2.176           9.520        0.000098 

Log-likelihood   -37822.7
Error at iteration 5 = 1.04e+00
24-Aug-2023 18:45:27
                                   estimate          t-stat            step 
Constant                             -0.055          -1.425        0.000019 
Status Quo Bias                       0.105           2.635       -0.000020 
Std Dev                               0.848          32.448        0.000006 
Original Persistent Std Dev           0.348           4.879       -0.000010 
SQB-Free Persistent Std Dev           0.520           0.550        1.040383 
Original Transitory Std Dev           1.486          90.266        0.000001 
SQB-Free Transitory Std Dev           2.176           9.520       -0.000047 

Log-likelihood   -37822.7
Error at iteration 6 = 1.28e-05
24-Aug-2023 18:45:47
                                   estimate          t-stat            step 
Constant                             -0.055          -1.425       -0.000012 
Status Quo Bias                       0.105           2.636        0.000013 
Std Dev                               0.848          32.449       -0.000004 
Original Persistent Std Dev           0.348           4.879        0.000007 
SQB-Free Persistent Std Dev          -0.520          -0.550       -1.040360 
Original Transitory Std Dev           1.486          90.266       -0.000001 
SQB-Free Transitory Std Dev           2.176           9.521       -0.000007 

Log-likelihood   -37822.7
Error at iteration 7 = 1.04e+00
24-Aug-2023 18:46:07
                                   estimate          t-stat            step 
Constant                             -0.055          -1.425        0.000002 
Status Quo Bias                       0.105           2.636       -0.000002 
Std Dev                               0.848          32.449        0.000001 
Original Persistent Std Dev           0.348           4.879       -0.000002 
SQB-Free Persistent Std Dev           0.520           0.550        1.040365 
Original Transitory Std Dev           1.486          90.266       -0.000000 
SQB-Free Transitory Std Dev           2.176           9.521        0.000007 

Log-likelihood   -37822.7
Error at iteration 8 = 2.20e-07
24-Aug-2023 18:46:26
                                   estimate          t-stat            step 
Constant                             -0.055          -1.425       -0.000000 
Status Quo Bias                       0.105           2.636        0.000000 
Std Dev                               0.848          32.449       -0.000000 
Original Persistent Std Dev           0.348           4.879        0.000000 
SQB-Free Persistent Std Dev          -0.520          -0.550       -1.040348 
Original Transitory Std Dev           1.486          90.266        0.000000 
SQB-Free Transitory Std Dev           2.176           9.521       -0.000010 

Log-likelihood   -37822.7
Estimates of Model 11.0
24-Aug-2023 18:46:26
Sample size 9279
Number of iterations = 8
Error at last iteration = 2.20e-07
                                   estimate      std. error          t-stat 
Constant                             -0.055           0.038          -1.425 
Status Quo Bias                       0.105           0.040           2.636 
Std Dev                               0.848           0.026          32.449 
Original Persistent Std Dev           0.348           0.071           4.879 
SQB-Free Persistent Std Dev          -0.520           0.945          -0.550 
Original Transitory Std Dev           1.486           0.016          90.266 
SQB-Free Transitory Std Dev           2.176           0.229           9.521 

Log-likelihood   -37822.7
Model 11
Error at iteration 1 = 1.04e+00
24-Aug-2023 19:16:08
                                   estimate          t-stat            step 
Constant                             -0.055          -1.423        0.000378 
Status Quo Bias                       0.105           2.634        0.000213 
Std Dev                               0.848          32.443        0.000001 
Original Persistent Std Dev           0.348           4.879        0.000051 
SQB-Free Persistent Std Dev           0.521           0.551        1.040760 
Original Transitory Std Dev           1.486          90.254       -0.000132 
SQB-Free Transitory Std Dev           2.176           9.523       -0.000101 

Log-likelihood   -37822.7
Error at iteration 2 = 1.32e-04
24-Aug-2023 19:16:27
                                   estimate          t-stat            step 
Constant                             -0.055          -1.424       -0.000053 
Status Quo Bias                       0.105           2.635        0.000061 
Std Dev                               0.848          32.447        0.000057 
Original Persistent Std Dev           0.348           4.879       -0.000055 
SQB-Free Persistent Std Dev          -0.520          -0.550       -1.040874 
Original Transitory Std Dev           1.486          90.268        0.000032 
SQB-Free Transitory Std Dev           2.176           9.512        0.000132 

Log-likelihood   -37822.7
Error at iteration 3 = 1.04e+00
24-Aug-2023 19:16:46
                                   estimate          t-stat            step 
Constant                             -0.055          -1.424        0.000017 
Status Quo Bias                       0.105           2.635       -0.000013 
Std Dev                               0.848          32.447       -0.000004 
Original Persistent Std Dev           0.348           4.879        0.000013 
SQB-Free Persistent Std Dev           0.520           0.550        1.040368 
Original Transitory Std Dev           1.486          90.266        0.000001 
SQB-Free Transitory Std Dev           2.176           9.521       -0.000261 

Log-likelihood   -37822.7
Error at iteration 4 = 9.75e-05
24-Aug-2023 19:17:06
                                   estimate          t-stat            step 
Constant                             -0.055          -1.425       -0.000037 
Status Quo Bias                       0.105           2.636        0.000037 
Std Dev                               0.848          32.449       -0.000011 
Original Persistent Std Dev           0.348           4.879        0.000014 
SQB-Free Persistent Std Dev          -0.520          -0.550       -1.040471 
Original Transitory Std Dev           1.486          90.265       -0.000004 
SQB-Free Transitory Std Dev           2.176           9.520        0.000098 

Log-likelihood   -37822.7
Error at iteration 5 = 1.04e+00
24-Aug-2023 19:17:26
                                   estimate          t-stat            step 
Constant                             -0.055          -1.425        0.000019 
Status Quo Bias                       0.105           2.635       -0.000020 
Std Dev                               0.848          32.448        0.000006 
Original Persistent Std Dev           0.348           4.879       -0.000010 
SQB-Free Persistent Std Dev           0.520           0.550        1.040383 
Original Transitory Std Dev           1.486          90.266        0.000001 
SQB-Free Transitory Std Dev           2.176           9.520       -0.000047 

Log-likelihood   -37822.7
Error at iteration 6 = 1.28e-05
24-Aug-2023 19:17:45
                                   estimate          t-stat            step 
Constant                             -0.055          -1.425       -0.000012 
Status Quo Bias                       0.105           2.636        0.000013 
Std Dev                               0.848          32.449       -0.000004 
Original Persistent Std Dev           0.348           4.879        0.000007 
SQB-Free Persistent Std Dev          -0.520          -0.550       -1.040360 
Original Transitory Std Dev           1.486          90.266       -0.000001 
SQB-Free Transitory Std Dev           2.176           9.521       -0.000007 

Log-likelihood   -37822.7
Error at iteration 7 = 1.04e+00
24-Aug-2023 19:18:04
                                   estimate          t-stat            step 
Constant                             -0.055          -1.425        0.000002 
Status Quo Bias                       0.105           2.636       -0.000002 
Std Dev                               0.848          32.449        0.000001 
Original Persistent Std Dev           0.348           4.879       -0.000002 
SQB-Free Persistent Std Dev           0.520           0.550        1.040365 
Original Transitory Std Dev           1.486          90.266       -0.000000 
SQB-Free Transitory Std Dev           2.176           9.521        0.000007 

Log-likelihood   -37822.7
Error at iteration 8 = 2.20e-07
24-Aug-2023 19:18:25
                                   estimate          t-stat            step 
Constant                             -0.055          -1.425       -0.000000 
Status Quo Bias                       0.105           2.636        0.000000 
Std Dev                               0.848          32.449       -0.000000 
Original Persistent Std Dev           0.348           4.879        0.000000 
SQB-Free Persistent Std Dev          -0.520          -0.550       -1.040348 
Original Transitory Std Dev           1.486          90.266        0.000000 
SQB-Free Transitory Std Dev           2.176           9.521       -0.000010 

Log-likelihood   -37822.7
Estimates of Model 11.0
24-Aug-2023 19:18:25
Sample size 9279
Number of iterations = 8
Error at last iteration = 2.20e-07
                                   estimate      std. error          t-stat 
Constant                             -0.055           0.038          -1.425 
Status Quo Bias                       0.105           0.040           2.636 
Std Dev                               0.848           0.026          32.449 
Original Persistent Std Dev           0.348           0.071           4.879 
SQB-Free Persistent Std Dev          -0.520           0.945          -0.550 
Original Transitory Std Dev           1.486           0.016          90.266 
SQB-Free Transitory Std Dev           2.176           0.229           9.521 

Log-likelihood   -37822.7
