Model 11
Error at iteration 1 = 1.04e+00
05-Sep-2023 14:38:02
                                   estimate          t-stat            step 
Constant                             -0.055          -1.423        0.000378 
Status Quo Bias                       0.105           2.634        0.000213 
Std Dev                               0.848          32.443        0.000001 
Original Persistent Std Dev           0.348           4.879        0.000051 
SQB-Free Persistent Std Dev           0.521           0.551        1.040760 
Original Transitory Std Dev           1.486          90.254       -0.000132 
SQB-Free Transitory Std Dev           2.176           9.523       -0.000101 

Log-likelihood   -37822.7
{Operation terminated by user during <a href="matlab:matlab.internal.language.introspective.errorDocCallback('norm_cdf>stdn_cdf')" style="font-weight:bold">norm_cdf>stdn_cdf</a>


In <a href="matlab:matlab.internal.language.introspective.errorDocCallback('norm_cdf', 'C:\Users\uctpcpp\Desktop\mres-dissertation\Modifed MATLAB code\Codes\norm_cdf.m', 32)" style="font-weight:bold">norm_cdf</a> (<a href="matlab: opentoline('C:\Users\uctpcpp\Desktop\mres-dissertation\Modifed MATLAB code\Codes\norm_cdf.m',32,0)">line 32</a>)
  cdf(1:r,1) = stdn_cdf((x(1:r,1) - m(1:r,1)) ./ sqrt (v(1:r,1)));

In <a href="matlab:matlab.internal.language.introspective.errorDocCallback('likelihood', 'C:\Users\uctpcpp\Desktop\mres-dissertation\Modifed MATLAB code\Codes\likelihood.m', 96)" style="font-weight:bold">likelihood</a> (<a href="matlab: opentoline('C:\Users\uctpcpp\Desktop\mres-dissertation\Modifed MATLAB code\Codes\likelihood.m',96,0)">line 96</a>)
                    norm_cdf((cpt_old(c06(i))-muX06(i)-xU(j)-xKo(k))./abs(sigmae06(i)));

In <a href="matlab:matlab.internal.language.introspective.errorDocCallback('fdjac', 'C:\Users\uctpcpp\Desktop\mres-dissertation\Modifed MATLAB code\Codes\fdjac.m', 32)" style="font-weight:bold">fdjac</a> (<a href="matlab: opentoline('C:\Users\uctpcpp\Desktop\mres-dissertation\Modifed MATLAB code\Codes\fdjac.m',32,0)">line 32</a>)
   xx(j) = xh0(j); f0=feval(f,xx,varargin{:});

In <a href="matlab:matlab.internal.language.introspective.errorDocCallback('EstimateRisk', 'C:\Users\uctpcpp\Desktop\mres-dissertation\Modifed MATLAB code\Codes\EstimateRisk.m', 175)" style="font-weight:bold">EstimateRisk</a> (<a href="matlab: opentoline('C:\Users\uctpcpp\Desktop\mres-dissertation\Modifed MATLAB code\Codes\EstimateRisk.m',175,0)">line 175</a>)
        si = fdjac('likelihood',b,c93,c02,c04,c06,c10,c12,c14,X93,X02,X04,X06,X10,X12,X14);

In <a href="matlab:matlab.internal.language.introspective.errorDocCallback('ImputeRisk', 'C:\Users\uctpcpp\Desktop\mres-dissertation\Modifed MATLAB code\Codes\ImputeRisk.m', 254)" style="font-weight:bold">ImputeRisk</a> (<a href="matlab: opentoline('C:\Users\uctpcpp\Desktop\mres-dissertation\Modifed MATLAB code\Codes\ImputeRisk.m',254,0)">line 254</a>)
EstimateRisk(RISK_1993, RISK_2002, RISK_2004, RISK_2006, RISK_2010, RISK_2012, RISK_2014,[X93(:,1),ones(N,1)],[X02(:,1),ones(N,1)],[X04(:,1),ones(N,1)],[X06(:,1),ones(N,1)],[X10(:,1),zeros(N,1)],[X12(:,1),zeros(N,1)],[X14(:,1),zeros(N,1)]);

In <a href="matlab:matlab.internal.language.introspective.errorDocCallback('run', 'C:\Program Files\MATLAB\R2022a\toolbox\matlab\lang\run.m', 91)" style="font-weight:bold">run</a> (<a href="matlab: opentoline('C:\Program Files\MATLAB\R2022a\toolbox\matlab\lang\run.m',91,0)">line 91</a>)
evalin('caller', strcat(script, ';'));
} 
Model 11
Error at iteration 1 = 1.04e+00
05-Sep-2023 18:29:36
                                   estimate          t-stat            step 
Constant                             -0.055          -1.423        0.000378 
Status Quo Bias                       0.105           2.634        0.000213 
Std Dev                               0.848          32.443        0.000001 
Original Persistent Std Dev           0.348           4.879        0.000051 
SQB-Free Persistent Std Dev           0.521           0.551        1.040760 
Original Transitory Std Dev           1.486          90.254       -0.000132 
SQB-Free Transitory Std Dev           2.176           9.523       -0.000101 

Log-likelihood   -37822.7
Error at iteration 2 = 1.32e-04
05-Sep-2023 18:29:54
                                   estimate          t-stat            step 
Constant                             -0.055          -1.424       -0.000053 
Status Quo Bias                       0.105           2.635        0.000061 
Std Dev                               0.848          32.447        0.000057 
Original Persistent Std Dev           0.348           4.879       -0.000055 
SQB-Free Persistent Std Dev          -0.520          -0.550       -1.040874 
Original Transitory Std Dev           1.486          90.268        0.000032 
SQB-Free Transitory Std Dev           2.176           9.512        0.000132 

Log-likelihood   -37822.7
Error at iteration 3 = 1.04e+00
05-Sep-2023 18:30:12
                                   estimate          t-stat            step 
Constant                             -0.055          -1.424        0.000017 
Status Quo Bias                       0.105           2.635       -0.000013 
Std Dev                               0.848          32.447       -0.000004 
Original Persistent Std Dev           0.348           4.879        0.000013 
SQB-Free Persistent Std Dev           0.520           0.550        1.040368 
Original Transitory Std Dev           1.486          90.266        0.000001 
SQB-Free Transitory Std Dev           2.176           9.521       -0.000261 

Log-likelihood   -37822.7
Error at iteration 4 = 9.75e-05
05-Sep-2023 18:30:30
                                   estimate          t-stat            step 
Constant                             -0.055          -1.425       -0.000037 
Status Quo Bias                       0.105           2.636        0.000037 
Std Dev                               0.848          32.449       -0.000011 
Original Persistent Std Dev           0.348           4.879        0.000014 
SQB-Free Persistent Std Dev          -0.520          -0.550       -1.040471 
Original Transitory Std Dev           1.486          90.265       -0.000004 
SQB-Free Transitory Std Dev           2.176           9.520        0.000098 

Log-likelihood   -37822.7
Error at iteration 5 = 1.04e+00
05-Sep-2023 18:30:49
                                   estimate          t-stat            step 
Constant                             -0.055          -1.425        0.000019 
Status Quo Bias                       0.105           2.635       -0.000020 
Std Dev                               0.848          32.448        0.000006 
Original Persistent Std Dev           0.348           4.879       -0.000010 
SQB-Free Persistent Std Dev           0.520           0.550        1.040383 
Original Transitory Std Dev           1.486          90.266        0.000001 
SQB-Free Transitory Std Dev           2.176           9.520       -0.000047 

Log-likelihood   -37822.7
Error at iteration 6 = 1.28e-05
05-Sep-2023 18:31:08
                                   estimate          t-stat            step 
Constant                             -0.055          -1.425       -0.000012 
Status Quo Bias                       0.105           2.636        0.000013 
Std Dev                               0.848          32.449       -0.000004 
Original Persistent Std Dev           0.348           4.879        0.000007 
SQB-Free Persistent Std Dev          -0.520          -0.550       -1.040360 
Original Transitory Std Dev           1.486          90.266       -0.000001 
SQB-Free Transitory Std Dev           2.176           9.521       -0.000007 

Log-likelihood   -37822.7
Error at iteration 7 = 1.04e+00
05-Sep-2023 18:31:26
                                   estimate          t-stat            step 
Constant                             -0.055          -1.425        0.000002 
Status Quo Bias                       0.105           2.636       -0.000002 
Std Dev                               0.848          32.449        0.000001 
Original Persistent Std Dev           0.348           4.879       -0.000002 
SQB-Free Persistent Std Dev           0.520           0.550        1.040365 
Original Transitory Std Dev           1.486          90.266       -0.000000 
SQB-Free Transitory Std Dev           2.176           9.521        0.000007 

Log-likelihood   -37822.7
Error at iteration 8 = 2.20e-07
05-Sep-2023 18:31:45
                                   estimate          t-stat            step 
Constant                             -0.055          -1.425       -0.000000 
Status Quo Bias                       0.105           2.636        0.000000 
Std Dev                               0.848          32.449       -0.000000 
Original Persistent Std Dev           0.348           4.879        0.000000 
SQB-Free Persistent Std Dev          -0.520          -0.550       -1.040348 
Original Transitory Std Dev           1.486          90.266        0.000000 
SQB-Free Transitory Std Dev           2.176           9.521       -0.000010 

Log-likelihood   -37822.7
Estimates of Model 11.0
05-Sep-2023 18:31:45
Sample size 9279
Number of iterations = 8
Error at last iteration = 2.20e-07
                                   estimate      std. error          t-stat 
Constant                             -0.055           0.038          -1.425 
Status Quo Bias                       0.105           0.040           2.636 
Std Dev                               0.848           0.026          32.449 
Original Persistent Std Dev           0.348           0.071           4.879 
SQB-Free Persistent Std Dev          -0.520           0.945          -0.550 
Original Transitory Std Dev           1.486           0.016          90.266 
SQB-Free Transitory Std Dev           2.176           0.229           9.521 

Log-likelihood   -37822.7
Model 11
Error at iteration 1 = 1.04e+00
05-Sep-2023 18:57:33
                                   estimate          t-stat            step 
Constant                             -0.055          -1.423        0.000378 
Status Quo Bias                       0.105           2.634        0.000213 
Std Dev                               0.848          32.443        0.000001 
Original Persistent Std Dev           0.348           4.879        0.000051 
SQB-Free Persistent Std Dev           0.521           0.551        1.040760 
Original Transitory Std Dev           1.486          90.254       -0.000132 
SQB-Free Transitory Std Dev           2.176           9.523       -0.000101 

Log-likelihood   -37822.7
Error at iteration 2 = 1.32e-04
05-Sep-2023 18:57:51
                                   estimate          t-stat            step 
Constant                             -0.055          -1.424       -0.000053 
Status Quo Bias                       0.105           2.635        0.000061 
Std Dev                               0.848          32.447        0.000057 
Original Persistent Std Dev           0.348           4.879       -0.000055 
SQB-Free Persistent Std Dev          -0.520          -0.550       -1.040874 
Original Transitory Std Dev           1.486          90.268        0.000032 
SQB-Free Transitory Std Dev           2.176           9.512        0.000132 

Log-likelihood   -37822.7
Error at iteration 3 = 1.04e+00
05-Sep-2023 18:58:10
                                   estimate          t-stat            step 
Constant                             -0.055          -1.424        0.000017 
Status Quo Bias                       0.105           2.635       -0.000013 
Std Dev                               0.848          32.447       -0.000004 
Original Persistent Std Dev           0.348           4.879        0.000013 
SQB-Free Persistent Std Dev           0.520           0.550        1.040368 
Original Transitory Std Dev           1.486          90.266        0.000001 
SQB-Free Transitory Std Dev           2.176           9.521       -0.000261 

Log-likelihood   -37822.7
Error at iteration 4 = 9.75e-05
05-Sep-2023 18:58:30
                                   estimate          t-stat            step 
Constant                             -0.055          -1.425       -0.000037 
Status Quo Bias                       0.105           2.636        0.000037 
Std Dev                               0.848          32.449       -0.000011 
Original Persistent Std Dev           0.348           4.879        0.000014 
SQB-Free Persistent Std Dev          -0.520          -0.550       -1.040471 
Original Transitory Std Dev           1.486          90.265       -0.000004 
SQB-Free Transitory Std Dev           2.176           9.520        0.000098 

Log-likelihood   -37822.7
Error at iteration 5 = 1.04e+00
05-Sep-2023 18:58:49
                                   estimate          t-stat            step 
Constant                             -0.055          -1.425        0.000019 
Status Quo Bias                       0.105           2.635       -0.000020 
Std Dev                               0.848          32.448        0.000006 
Original Persistent Std Dev           0.348           4.879       -0.000010 
SQB-Free Persistent Std Dev           0.520           0.550        1.040383 
Original Transitory Std Dev           1.486          90.266        0.000001 
SQB-Free Transitory Std Dev           2.176           9.520       -0.000047 

Log-likelihood   -37822.7
Error at iteration 6 = 1.28e-05
05-Sep-2023 18:59:08
                                   estimate          t-stat            step 
Constant                             -0.055          -1.425       -0.000012 
Status Quo Bias                       0.105           2.636        0.000013 
Std Dev                               0.848          32.449       -0.000004 
Original Persistent Std Dev           0.348           4.879        0.000007 
SQB-Free Persistent Std Dev          -0.520          -0.550       -1.040360 
Original Transitory Std Dev           1.486          90.266       -0.000001 
SQB-Free Transitory Std Dev           2.176           9.521       -0.000007 

Log-likelihood   -37822.7
Error at iteration 7 = 1.04e+00
05-Sep-2023 18:59:27
                                   estimate          t-stat            step 
Constant                             -0.055          -1.425        0.000002 
Status Quo Bias                       0.105           2.636       -0.000002 
Std Dev                               0.848          32.449        0.000001 
Original Persistent Std Dev           0.348           4.879       -0.000002 
SQB-Free Persistent Std Dev           0.520           0.550        1.040365 
Original Transitory Std Dev           1.486          90.266       -0.000000 
SQB-Free Transitory Std Dev           2.176           9.521        0.000007 

Log-likelihood   -37822.7
Error at iteration 8 = 2.20e-07
05-Sep-2023 18:59:47
                                   estimate          t-stat            step 
Constant                             -0.055          -1.425       -0.000000 
Status Quo Bias                       0.105           2.636        0.000000 
Std Dev                               0.848          32.449       -0.000000 
Original Persistent Std Dev           0.348           4.879        0.000000 
SQB-Free Persistent Std Dev          -0.520          -0.550       -1.040348 
Original Transitory Std Dev           1.486          90.266        0.000000 
SQB-Free Transitory Std Dev           2.176           9.521       -0.000010 

Log-likelihood   -37822.7
Estimates of Model 11.0
05-Sep-2023 18:59:47
Sample size 9279
Number of iterations = 8
Error at last iteration = 2.20e-07
                                   estimate      std. error          t-stat 
Constant                             -0.055           0.038          -1.425 
Status Quo Bias                       0.105           0.040           2.636 
Std Dev                               0.848           0.026          32.449 
Original Persistent Std Dev           0.348           0.071           4.879 
SQB-Free Persistent Std Dev          -0.520           0.945          -0.550 
Original Transitory Std Dev           1.486           0.016          90.266 
SQB-Free Transitory Std Dev           2.176           0.229           9.521 

Log-likelihood   -37822.7
Model 11
Error at iteration 1 = 1.04e+00
05-Sep-2023 19:14:29
                                   estimate          t-stat            step 
Constant                             -0.055          -1.423        0.000378 
Status Quo Bias                       0.105           2.634        0.000213 
Std Dev                               0.848          32.443        0.000001 
Original Persistent Std Dev           0.348           4.879        0.000051 
SQB-Free Persistent Std Dev           0.521           0.551        1.040760 
Original Transitory Std Dev           1.486          90.254       -0.000132 
SQB-Free Transitory Std Dev           2.176           9.523       -0.000101 

Log-likelihood   -37822.7
Error at iteration 2 = 1.32e-04
05-Sep-2023 19:14:47
                                   estimate          t-stat            step 
Constant                             -0.055          -1.424       -0.000053 
Status Quo Bias                       0.105           2.635        0.000061 
Std Dev                               0.848          32.447        0.000057 
Original Persistent Std Dev           0.348           4.879       -0.000055 
SQB-Free Persistent Std Dev          -0.520          -0.550       -1.040874 
Original Transitory Std Dev           1.486          90.268        0.000032 
SQB-Free Transitory Std Dev           2.176           9.512        0.000132 

Log-likelihood   -37822.7
Error at iteration 3 = 1.04e+00
05-Sep-2023 19:15:06
                                   estimate          t-stat            step 
Constant                             -0.055          -1.424        0.000017 
Status Quo Bias                       0.105           2.635       -0.000013 
Std Dev                               0.848          32.447       -0.000004 
Original Persistent Std Dev           0.348           4.879        0.000013 
SQB-Free Persistent Std Dev           0.520           0.550        1.040368 
Original Transitory Std Dev           1.486          90.266        0.000001 
SQB-Free Transitory Std Dev           2.176           9.521       -0.000261 

Log-likelihood   -37822.7
Error at iteration 4 = 9.75e-05
05-Sep-2023 19:15:25
                                   estimate          t-stat            step 
Constant                             -0.055          -1.425       -0.000037 
Status Quo Bias                       0.105           2.636        0.000037 
Std Dev                               0.848          32.449       -0.000011 
Original Persistent Std Dev           0.348           4.879        0.000014 
SQB-Free Persistent Std Dev          -0.520          -0.550       -1.040471 
Original Transitory Std Dev           1.486          90.265       -0.000004 
SQB-Free Transitory Std Dev           2.176           9.520        0.000098 

Log-likelihood   -37822.7
Error at iteration 5 = 1.04e+00
05-Sep-2023 19:15:44
                                   estimate          t-stat            step 
Constant                             -0.055          -1.425        0.000019 
Status Quo Bias                       0.105           2.635       -0.000020 
Std Dev                               0.848          32.448        0.000006 
Original Persistent Std Dev           0.348           4.879       -0.000010 
SQB-Free Persistent Std Dev           0.520           0.550        1.040383 
Original Transitory Std Dev           1.486          90.266        0.000001 
SQB-Free Transitory Std Dev           2.176           9.520       -0.000047 

Log-likelihood   -37822.7
Error at iteration 6 = 1.28e-05
05-Sep-2023 19:16:03
                                   estimate          t-stat            step 
Constant                             -0.055          -1.425       -0.000012 
Status Quo Bias                       0.105           2.636        0.000013 
Std Dev                               0.848          32.449       -0.000004 
Original Persistent Std Dev           0.348           4.879        0.000007 
SQB-Free Persistent Std Dev          -0.520          -0.550       -1.040360 
Original Transitory Std Dev           1.486          90.266       -0.000001 
SQB-Free Transitory Std Dev           2.176           9.521       -0.000007 

Log-likelihood   -37822.7
Error at iteration 7 = 1.04e+00
05-Sep-2023 19:16:22
                                   estimate          t-stat            step 
Constant                             -0.055          -1.425        0.000002 
Status Quo Bias                       0.105           2.636       -0.000002 
Std Dev                               0.848          32.449        0.000001 
Original Persistent Std Dev           0.348           4.879       -0.000002 
SQB-Free Persistent Std Dev           0.520           0.550        1.040365 
Original Transitory Std Dev           1.486          90.266       -0.000000 
SQB-Free Transitory Std Dev           2.176           9.521        0.000007 

Log-likelihood   -37822.7
Error at iteration 8 = 2.20e-07
05-Sep-2023 19:16:41
                                   estimate          t-stat            step 
Constant                             -0.055          -1.425       -0.000000 
Status Quo Bias                       0.105           2.636        0.000000 
Std Dev                               0.848          32.449       -0.000000 
Original Persistent Std Dev           0.348           4.879        0.000000 
SQB-Free Persistent Std Dev          -0.520          -0.550       -1.040348 
Original Transitory Std Dev           1.486          90.266        0.000000 
SQB-Free Transitory Std Dev           2.176           9.521       -0.000010 

Log-likelihood   -37822.7
Estimates of Model 11.0
05-Sep-2023 19:16:41
Sample size 9279
Number of iterations = 8
Error at last iteration = 2.20e-07
                                   estimate      std. error          t-stat 
Constant                             -0.055           0.038          -1.425 
Status Quo Bias                       0.105           0.040           2.636 
Std Dev                               0.848           0.026          32.449 
Original Persistent Std Dev           0.348           0.071           4.879 
SQB-Free Persistent Std Dev          -0.520           0.945          -0.550 
Original Transitory Std Dev           1.486           0.016          90.266 
SQB-Free Transitory Std Dev           2.176           0.229           9.521 

Log-likelihood   -37822.7
Model 11
{Operation terminated by user during <a href="matlab:matlab.internal.language.introspective.errorDocCallback('norm_cdf')" style="font-weight:bold">norm_cdf</a>


In <a href="matlab:matlab.internal.language.introspective.errorDocCallback('likelihood', 'C:\Users\uctpcpp\Desktop\mres-dissertation\Modifed MATLAB code - redo\Codes\likelihood.m', 68)" style="font-weight:bold">likelihood</a> (<a href="matlab: opentoline('C:\Users\uctpcpp\Desktop\mres-dissertation\Modifed MATLAB code - redo\Codes\likelihood.m',68,0)">line 68</a>)
                Li93(i,k) = norm_cdf((cpt_old(c93(i)+1)-muX93(i)-xU(j)-xKo(k))./abs(sigmae93(i))) - ...

In <a href="matlab:matlab.internal.language.introspective.errorDocCallback('fdjac', 'C:\Users\uctpcpp\Desktop\mres-dissertation\Modifed MATLAB code - redo\Codes\fdjac.m', 32)" style="font-weight:bold">fdjac</a> (<a href="matlab: opentoline('C:\Users\uctpcpp\Desktop\mres-dissertation\Modifed MATLAB code - redo\Codes\fdjac.m',32,0)">line 32</a>)
   xx(j) = xh0(j); f0=feval(f,xx,varargin{:});

In <a href="matlab:matlab.internal.language.introspective.errorDocCallback('EstimateRisk', 'C:\Users\uctpcpp\Desktop\mres-dissertation\Modifed MATLAB code - redo\Codes\EstimateRisk.m', 192)" style="font-weight:bold">EstimateRisk</a> (<a href="matlab: opentoline('C:\Users\uctpcpp\Desktop\mres-dissertation\Modifed MATLAB code - redo\Codes\EstimateRisk.m',192,0)">line 192</a>)
        si = fdjac('likelihood',b,c93,c02,c04,c06,c10,c12,c14,X93,X02,X04,X06,X10,X12,X14);

In <a href="matlab:matlab.internal.language.introspective.errorDocCallback('ImputeRisk', 'C:\Users\uctpcpp\Desktop\mres-dissertation\Modifed MATLAB code - redo\Codes\ImputeRisk.m', 268)" style="font-weight:bold">ImputeRisk</a> (<a href="matlab: opentoline('C:\Users\uctpcpp\Desktop\mres-dissertation\Modifed MATLAB code - redo\Codes\ImputeRisk.m',268,0)">line 268</a>)
EstimateRisk(RISK_1993, RISK_2002, RISK_2004, RISK_2006, RISK_2010, RISK_2012, RISK_2014,[X93(:,1),ones(N,1)],[X02(:,1),ones(N,1)],[X04(:,1),ones(N,1)],[X06(:,1),ones(N,1)],[X10(:,1),zeros(N,1)],[X12(:,1),zeros(N,1)],[X14(:,1),zeros(N,1)]);
} 
