\BOOKMARK [1][-]{section.1}{Introduction}{}% 1
\BOOKMARK [1][-]{section.2}{Data}{}% 2
\BOOKMARK [2][-]{subsection.2.1}{Mothers' risk preference}{section.2}% 3
\BOOKMARK [2][-]{subsection.2.2}{Investment data}{section.2}% 4
\BOOKMARK [2][-]{subsection.2.3}{Summary statistics}{section.2}% 5
\BOOKMARK [1][-]{section.3}{Methodology}{}% 6
\BOOKMARK [2][-]{subsection.3.1}{The choice of proxy for risk}{section.3}% 7
\BOOKMARK [2][-]{subsection.3.2}{Identification of risk preference}{section.3}% 8
\BOOKMARK [2][-]{subsection.3.3}{Empirical strategy}{section.3}% 9
\BOOKMARK [1][-]{section.4}{Results}{}% 10
\BOOKMARK [1][-]{section.5}{Robustness checks}{}% 11
\BOOKMARK [2][-]{subsection.5.1}{Risk as category}{section.5}% 12
\BOOKMARK [2][-]{subsection.5.2}{Controlling for child's test scores}{section.5}% 13
\BOOKMARK [1][-]{section.6}{Conclusion}{}% 14
\BOOKMARK [1][-]{appendix.A}{First-stage MLE of risk preference}{}% 15
\BOOKMARK [2][-]{subsection.A.1}{Time-invariant risk preference}{appendix.A}% 16
\BOOKMARK [2][-]{subsection.A.2}{Time-varying risk preference}{appendix.A}% 17
\BOOKMARK [2][-]{subsection.A.3}{MLE results}{appendix.A}% 18
\BOOKMARK [1][-]{appendix.B}{Robustness checks}{}% 19
\BOOKMARK [2][-]{subsection.B.1}{Estimation with categorical variable}{appendix.B}% 20
\BOOKMARK [2][-]{subsection.B.2}{Information updating on children's ability and behavioural issues}{appendix.B}% 21
