Output from ImputeRisk_KSS.m - July 26-27 2007
  
Proxy Values Log Risk Tolerance --- Model 0
   -2.9988   -1.0196   -0.3675    0.8834

Proxy Values Log Risk Tolerance --- Model 0
    0.0830    0.3668    0.7064    3.6877

Model 1: Log Risk Tolerance Mean = -1.912 (0.019) Std Dev = 0.795 (0.030)
Model 1: Risk Tolerance Mean = 0.203 Std Dev = 0.190
Model 2: Log Risk Tolerance Mean = -1.949 (0.021) Std Dev = 0.639 (0.031)
Model 2: Risk Tolerance Mean = 0.196 Std Dev = 0.185
   
Table 6. True-to-Proxy Variance Ratio Lambda
Model 11, Transitory and Persistent Response Error
            Log Theta      Theta      Gamma 
Var. True       0.526      0.030     46.565 
Var. Proxy      0.091      0.005      5.270 
Ratio           5.762      6.319      8.836 

   
Table 4. Distribution of Risk Preferences
         Tolerance   Aversion 
Mean         0.206        8.2 
  (s.e)      0.008        0.4 
Median       0.159        6.3 
  (s.e)      0.005        0.2 
Mode         0.094        3.7 
  (s.e)      0.004        0.2 
Std Dev      0.172        6.8 
  (s.e)      0.017        0.7 
1            0.029        1.2 
5            0.048        1.9 
10           0.063        2.5 
25           0.097        3.9 
75           0.259       10.3 
90           0.402       16.0 
95           0.523       20.8 
99           0.858       34.1 

Table R-4: Descriptive Statistics (Weighting Sensitivity Check) Columns 1
Model 13, Unweighted, No Sampling Covariates
 Mean Log(RT) = -1.841 (0.030) Mean RT = 0.159 (0.005) Median RT = 0.206 (0.008)
   
Table 5. Imputation of Risk Preference
Status-Quo-Bias-Free Question
       Log Theta      Theta      Gamma 
Cat 1     -2.107      0.153       10.4 
Cat 2     -1.811      0.203        7.6 
Cat 3     -1.693      0.228        6.7 
Cat 4     -1.575      0.257        6.0 
Cat 5     -1.419      0.301        5.1 
Cat 6     -1.172      0.387        4.0 

   
Original Question
       Log Theta      Theta      Gamma 
Cat 1     -2.091      0.156       10.2 
Cat 2     -1.792      0.207        7.5 
Cat 3     -1.677      0.232        6.6 
Cat 4     -1.562      0.261        5.9 
Cat 5     -1.410      0.304        5.1 
Cat 6     -1.169      0.388        4.0 

Variance of PSID Proxies Log RT = 0.081 RT = 0.004 Gamma = 4.386
Model 12: Log Risk Tolerance Mean = -1.863 (0.068) Std Dev = 0.730 (0.038)
Model 12: Risk Tolerance Mean = 0.203 Std Dev = 0.170
Model 13: Log Risk Tolerance Mean = -1.826 (0.078) Std Dev = 0.732 (0.038)
Model 13: Risk Tolerance Mean = 0.211 Std Dev = 0.177
Table R-4: Descriptive Statistics (Weighting Sensitivity Check) Columns 2, 3
Model 13, Unweighted, Sampling Covariates
 Mean Log(RT) = -1.838 (0.079) Median RT = 0.159 (0.013) Mean RT = 0.208 (0.018)
Model 13, Weighted, Sampling Covariates
 Mean Log(RT) = -1.830 (0.079) Median RT = 0.160 (0.013) Mean RT = 0.209 (0.018)
Model 14: Log Risk Tolerance Mean = -1.812 Std Dev = 0.728
Model 14: Risk Tolerance Mean = 0.213 Std Dev = 0.178
Pct Households Excluded by Selection Criteria 0.195
Mean Share of Financial Assets in Stocks for Second-Step Sample 0.15782
Std. Dev. of Financial Assets in Stocks for Second-Step Sample 0.286
Table 7. Column 1: No Control for Risk Tolerance
R-squared 0.170
                       Estimate       S.E.        2.5       97.5          t 
Male                      0.024      0.007      0.010      0.039      3.320 
Gt 16 Yrs Ed              0.034      0.012      0.010      0.058      2.736 
13-16 Yrs Ed              0.036      0.009      0.019      0.054      4.080 
Lt 12 Yrs Ed             -0.023      0.009     -0.039     -0.006     -2.654 
Black                    -0.029      0.009     -0.046     -0.012     -3.261 
Hispanic                 -0.035      0.012     -0.058     -0.011     -2.918 
Age / 10                 -0.002      0.008     -0.017      0.013     -0.249 
Log Total Income          0.002      0.005     -0.007      0.012      0.437 
Log Financial Assets      0.046      0.002      0.043      0.050     26.243 

Table 7. Column 2: Categorical Control for Risk Tolerance
R-squared 0.172
                       Estimate       S.E.        2.5       97.5          t 
Category 3               -0.026      0.010     -0.045     -0.006     -2.583 
Category 4                0.022      0.012     -0.001      0.045      1.904 
Category 5-6              0.025      0.011      0.003      0.047      2.255 
Male                      0.023      0.007      0.009      0.038      3.189 
Gt 16 Yrs Ed              0.032      0.012      0.008      0.057      2.614 
13-16 Yrs Ed              0.035      0.009      0.018      0.053      3.968 
Lt 12 Yrs Ed             -0.024      0.009     -0.040     -0.007     -2.768 
Black                    -0.029      0.009     -0.046     -0.011     -3.231 
Hispanic                 -0.036      0.012     -0.060     -0.013     -3.027 
Age / 10                 -0.001      0.008     -0.016      0.014     -0.175 
Log Total Income          0.003      0.005     -0.007      0.012      0.545 
Log Financial Assets      0.047      0.002      0.043      0.050     26.352 

Table 7 Column 3: Not Modeling Response Error
R-squared 0.171
                       Estimate       S.E.        2.5       97.5          t 
Proxy RT (Model 0)        0.008      0.003      0.002      0.014      2.521 
Male                      0.023      0.007      0.009      0.038      3.180 
Gt 16 Yrs Ed              0.032      0.012      0.007      0.056      2.546 
13-16 Yrs Ed              0.035      0.009      0.017      0.052      3.914 
Lt 12 Yrs Ed             -0.023      0.009     -0.040     -0.007     -2.722 
Black                    -0.029      0.009     -0.046     -0.011     -3.235 
Hispanic                 -0.035      0.012     -0.059     -0.012     -2.953 
Age / 10                 -0.001      0.008     -0.016      0.014     -0.136 
Log Total Income          0.003      0.005     -0.007      0.012      0.561 
Log Financial Assets      0.046      0.002      0.043      0.050     26.281 

Table 7 Column 4: Modeling Response Error, OLS
R-squared 0.171
                       Estimate       S.E.        2.5       97.5          t 
Proxy RT (Model 11)       0.146      0.054      0.040      0.251      2.712 
Male                      0.023      0.007      0.008      0.037      3.116 
Gt 16 Yrs Ed              0.031      0.012      0.006      0.055      2.481 
13-16 Yrs Ed              0.035      0.009      0.017      0.052      3.883 
Lt 12 Yrs Ed             -0.023      0.009     -0.040     -0.006     -2.707 
Black                    -0.028      0.009     -0.045     -0.011     -3.178 
Hispanic                 -0.035      0.012     -0.058     -0.011     -2.896 
Age / 10                 -0.001      0.008     -0.016      0.014     -0.096 
Log Total Income          0.002      0.005     -0.007      0.012      0.503 
Log Financial Assets      0.046      0.002      0.043      0.050     26.278 

Table 7 Column 5: Modeling Response Error, GMM
R-squared 0.178
Lambda Correction Factor 6.404
                       Estimate       S.E.        2.5       97.5          t 
Proxy RT (Model 11)       0.162      0.060      0.045      0.280      2.708 
Male                      0.014      0.008     -0.001      0.029      1.771 
Gt 16 Yrs Ed              0.012      0.013     -0.014      0.039      0.909 
13-16 Yrs Ed              0.024      0.009      0.005      0.042      2.534 
Lt 12 Yrs Ed             -0.026      0.009     -0.043     -0.009     -2.920 
Black                    -0.024      0.009     -0.042     -0.006     -2.562 
Hispanic                 -0.034      0.013     -0.058     -0.009     -2.666 
Age / 10                  0.006      0.008     -0.009      0.022      0.808 
Log Total Income          0.004      0.005     -0.006      0.014      0.878 
Log Financial Assets      0.047      0.002      0.043      0.050     25.593 

Table 7 Column 6: Modeling Response Error, Application Covariates, OLS
R-squared 0.177
Lambda Correction Factor 4.561
                       Estimate       S.E.        2.5       97.5          t 
Proxy RT (Model 12)       0.152      0.056      0.043      0.262      2.724 
Male                      0.018      0.008      0.003      0.033      2.304 
Gt 16 Yrs Ed              0.019      0.014     -0.008      0.046      1.390 
13-16 Yrs Ed              0.029      0.009      0.011      0.047      3.167 
Lt 12 Yrs Ed             -0.024      0.009     -0.041     -0.008     -2.847 
Black                    -0.027      0.009     -0.044     -0.009     -3.000 
Hispanic                 -0.038      0.012     -0.061     -0.014     -3.134 
Age / 10                  0.006      0.008     -0.010      0.021      0.700 
Log Total Income          0.003      0.005     -0.007      0.013      0.609 
Log Financial Assets      0.046      0.002      0.043      0.050     26.213 

