Model 2
Error at iteration 1 = 8.12e-02
26-Jul-2007 17:20:50
                                 estimate          t-stat            step 
Constant                           -0.129          -0.598       -0.629404 
Black                              -0.180          -6.448        0.019723 
Hispanic                            0.068           2.037        0.018055 
Male                                0.216          10.939        0.016203 
Lt 12 Yrs Ed                       -0.024          -0.934        0.025734 
13-16 Yrs Ed                        0.227           9.630        0.027452 
Gt 16 Yrs Ed                        0.396          11.675        0.046340 
Age / 10                           -0.210         -10.741       -0.010090 
Log Total Income / 10              -0.141          -1.134       -0.091237 
Zero Total Income                  -0.102          -0.653       -0.052059 
Log Financial Assets / 10          -0.073          -1.363        0.026608 
Non-Positive Assets                 0.126           2.309        0.025703 
Unemployement Rate                  0.048           3.812       -0.052370 
Std Dev                             0.255          11.045       -0.495018 
Error Std Dev                       1.481          89.774        0.081211 

Log-likelihood   -29831.2
Error at iteration 2 = 1.12e+00
26-Jul-2007 17:21:12
                                 estimate          t-stat            step 
Constant                            0.987           4.065        1.116774 
Black                              -0.120          -3.574        0.060537 
Hispanic                            0.084           2.090        0.015962 
Male                                0.243          10.183        0.027165 
Lt 12 Yrs Ed                        0.049           1.577        0.073704 
13-16 Yrs Ed                        0.276           9.571        0.048890 
Gt 16 Yrs Ed                        0.494          12.194        0.097646 
Age / 10                           -0.274         -11.845       -0.064251 
Log Total Income / 10              -0.304          -2.079       -0.162560 
Zero Total Income                  -0.133          -0.727       -0.030557 
Log Financial Assets / 10          -0.028          -0.442        0.045326 
Non-Positive Assets                 0.150           2.350        0.024781 
Unemployement Rate                 -0.140         -11.549       -0.187443 
Std Dev                             0.257           4.684        0.001553 
Error Std Dev                       1.573          87.059        0.092088 

Log-likelihood   -23011.0
Error at iteration 3 = 5.31e-01
26-Jul-2007 17:21:35
                                 estimate          t-stat            step 
Constant                            0.745           2.696       -0.242106 
Black                              -0.090          -2.322        0.030053 
Hispanic                            0.101           2.118        0.017351 
Male                                0.221           7.857       -0.022299 
Lt 12 Yrs Ed                        0.064           1.763        0.014895 
13-16 Yrs Ed                        0.253           7.362       -0.023832 
Gt 16 Yrs Ed                        0.479          10.022       -0.014859 
Age / 10                           -0.269         -10.045        0.005425 
Log Total Income / 10              -0.293          -1.769        0.010649 
Zero Total Income                  -0.101          -0.494        0.031358 
Log Financial Assets / 10          -0.006          -0.083        0.022065 
Non-Positive Assets                 0.126           1.738       -0.024902 
Unemployement Rate                 -0.143         -10.994       -0.003667 
Std Dev                             0.788          12.673        0.531084 
Error Std Dev                       1.562          79.840       -0.011532 

Log-likelihood   -21361.2
Error at iteration 4 = 7.70e-02
26-Jul-2007 17:21:59
                                 estimate          t-stat            step 
Constant                            0.104           0.315       -0.641089 
Black                              -0.049          -1.022        0.040793 
Hispanic                            0.121           2.030        0.019382 
Male                                0.201           5.717       -0.019678 
Lt 12 Yrs Ed                        0.068           1.486        0.003310 
13-16 Yrs Ed                        0.228           5.261       -0.024865 
Gt 16 Yrs Ed                        0.437           7.156       -0.042222 
Age / 10                           -0.226          -7.023        0.042781 
Log Total Income / 10              -0.216          -1.136        0.076959 
Zero Total Income                  -0.073          -0.310        0.028702 
Log Financial Assets / 10           0.038           0.446        0.043749 
Non-Positive Assets                 0.132           1.596        0.006790 
Unemployement Rate                 -0.112          -7.387        0.031108 
Std Dev                             0.763          23.248       -0.024820 
Error Std Dev                       1.534          76.147       -0.027692 

Log-likelihood   -21154.9
Error at iteration 5 = 2.92e-02
26-Jul-2007 17:22:23
                                 estimate          t-stat            step 
Constant                            0.107           0.336        0.003306 
Black                              -0.055          -1.193       -0.006289 
Hispanic                            0.120           2.072       -0.001089 
Male                                0.195           5.728       -0.006706 
Lt 12 Yrs Ed                        0.059           1.331       -0.009119 
13-16 Yrs Ed                        0.225           5.404       -0.002285 
Gt 16 Yrs Ed                        0.432           7.347       -0.005226 
Age / 10                           -0.230          -7.402       -0.004243 
Log Total Income / 10              -0.187          -1.017        0.029170 
Zero Total Income                  -0.060          -0.264        0.012642 
Log Financial Assets / 10           0.034           0.411       -0.004209 
Non-Positive Assets                 0.125           1.566       -0.007104 
Unemployement Rate                 -0.111          -7.546        0.001437 
Std Dev                             0.773          24.440        0.009781 
Error Std Dev                       1.524          78.521       -0.009875 

Log-likelihood   -21134.3
Error at iteration 6 = 4.04e-03
26-Jul-2007 17:22:47
                                 estimate          t-stat            step 
Constant                            0.103           0.323       -0.004462 
Black                              -0.055          -1.200       -0.000277 
Hispanic                            0.119           2.066       -0.000505 
Male                                0.195           5.732        0.000130 
Lt 12 Yrs Ed                        0.059           1.342        0.000473 
13-16 Yrs Ed                        0.225           5.395       -0.000200 
Gt 16 Yrs Ed                        0.432           7.344        0.000056 
Age / 10                           -0.231          -7.420       -0.000194 
Log Total Income / 10              -0.183          -0.998        0.004039 
Zero Total Income                  -0.059          -0.262        0.000734 
Log Financial Assets / 10           0.033           0.406       -0.000471 
Non-Positive Assets                 0.124           1.560       -0.000912 
Unemployement Rate                 -0.111          -7.554        0.000290 
Std Dev                             0.773          24.755        0.000267 
Error Std Dev                       1.522          79.165       -0.002187 

Log-likelihood   -21134.0
Error at iteration 7 = 9.68e-04
26-Jul-2007 17:23:11
                                 estimate          t-stat            step 
Constant                            0.102           0.321       -0.000687 
Black                              -0.056          -1.205       -0.000181 
Hispanic                            0.119           2.067       -0.000107 
Male                                0.195           5.734       -0.000154 
Lt 12 Yrs Ed                        0.059           1.342       -0.000100 
13-16 Yrs Ed                        0.225           5.400       -0.000067 
Gt 16 Yrs Ed                        0.432           7.350       -0.000148 
Age / 10                           -0.231          -7.433       -0.000081 
Log Total Income / 10              -0.182          -0.995        0.000968 
Zero Total Income                  -0.059          -0.262        0.000213 
Log Financial Assets / 10           0.033           0.405       -0.000147 
Non-Positive Assets                 0.124           1.559       -0.000224 
Unemployement Rate                 -0.111          -7.560        0.000089 
Std Dev                             0.773          24.826        0.000100 
Error Std Dev                       1.521          79.330       -0.000542 

Log-likelihood   -21133.9
Error at iteration 8 = 2.16e-04
26-Jul-2007 17:23:35
                                 estimate          t-stat            step 
Constant                            0.102           0.321       -0.000171 
Black                              -0.056          -1.206       -0.000039 
Hispanic                            0.119           2.067       -0.000026 
Male                                0.195           5.735       -0.000026 
Lt 12 Yrs Ed                        0.059           1.342       -0.000015 
13-16 Yrs Ed                        0.225           5.401       -0.000018 
Gt 16 Yrs Ed                        0.432           7.351       -0.000025 
Age / 10                           -0.231          -7.436       -0.000021 
Log Total Income / 10              -0.182          -0.994        0.000216 
Zero Total Income                  -0.059          -0.262        0.000043 
Log Financial Assets / 10           0.033           0.405       -0.000034 
Non-Positive Assets                 0.124           1.559       -0.000049 
Unemployement Rate                 -0.111          -7.562        0.000024 
Std Dev                             0.773          24.843        0.000014 
Error Std Dev                       1.521          79.370       -0.000135 

Log-likelihood   -21133.9
Error at iteration 9 = 5.31e-05
26-Jul-2007 17:23:58
                                 estimate          t-stat            step 
Constant                            0.102           0.320       -0.000040 
Black                              -0.056          -1.207       -0.000011 
Hispanic                            0.119           2.067       -0.000006 
Male                                0.195           5.735       -0.000008 
Lt 12 Yrs Ed                        0.059           1.342       -0.000005 
13-16 Yrs Ed                        0.225           5.401       -0.000004 
Gt 16 Yrs Ed                        0.432           7.352       -0.000007 
Age / 10                           -0.231          -7.437       -0.000006 
Log Total Income / 10              -0.182          -0.993        0.000053 
Zero Total Income                  -0.059          -0.262        0.000012 
Log Financial Assets / 10           0.033           0.404       -0.000008 
Non-Positive Assets                 0.124           1.559       -0.000011 
Unemployement Rate                 -0.111          -7.562        0.000006 
Std Dev                             0.773          24.847        0.000003 
Error Std Dev                       1.521          79.380       -0.000034 

Log-likelihood   -21133.9
Error at iteration 10 = 1.31e-05
26-Jul-2007 17:24:22
                                 estimate          t-stat            step 
Constant                            0.102           0.320       -0.000010 
Black                              -0.056          -1.207       -0.000003 
Hispanic                            0.119           2.067       -0.000002 
Male                                0.195           5.735       -0.000002 
Lt 12 Yrs Ed                        0.059           1.342       -0.000001 
13-16 Yrs Ed                        0.225           5.402       -0.000001 
Gt 16 Yrs Ed                        0.432           7.352       -0.000002 
Age / 10                           -0.231          -7.437       -0.000001 
Log Total Income / 10              -0.182          -0.993        0.000013 
Zero Total Income                  -0.059          -0.262        0.000003 
Log Financial Assets / 10           0.033           0.404       -0.000002 
Non-Positive Assets                 0.124           1.559       -0.000003 
Unemployement Rate                 -0.111          -7.562        0.000002 
Std Dev                             0.773          24.848        0.000001 
Error Std Dev                       1.521          79.383       -0.000009 

Log-likelihood   -21133.9
Error at iteration 11 = 3.26e-06
26-Jul-2007 17:24:46
                                 estimate          t-stat            step 
Constant                            0.102           0.320       -0.000002 
Black                              -0.056          -1.207       -0.000001 
Hispanic                            0.119           2.067       -0.000000 
Male                                0.195           5.735       -0.000000 
Lt 12 Yrs Ed                        0.059           1.342       -0.000000 
13-16 Yrs Ed                        0.225           5.402       -0.000000 
Gt 16 Yrs Ed                        0.432           7.352       -0.000000 
Age / 10                           -0.231          -7.437       -0.000000 
Log Total Income / 10              -0.182          -0.993        0.000003 
Zero Total Income                  -0.059          -0.262        0.000001 
Log Financial Assets / 10           0.033           0.404       -0.000000 
Non-Positive Assets                 0.124           1.559       -0.000001 
Unemployement Rate                 -0.111          -7.562        0.000000 
Std Dev                             0.773          24.849        0.000000 
Error Std Dev                       1.521          79.384       -0.000002 

Log-likelihood   -21133.9
Error at iteration 12 = 8.19e-07
26-Jul-2007 17:25:10
                                 estimate          t-stat            step 
Constant                            0.102           0.320       -0.000001 
Black                              -0.056          -1.207       -0.000000 
Hispanic                            0.119           2.067       -0.000000 
Male                                0.195           5.735       -0.000000 
Lt 12 Yrs Ed                        0.059           1.342       -0.000000 
13-16 Yrs Ed                        0.225           5.402       -0.000000 
Gt 16 Yrs Ed                        0.432           7.352       -0.000000 
Age / 10                           -0.231          -7.437       -0.000000 
Log Total Income / 10              -0.182          -0.993        0.000001 
Zero Total Income                  -0.059          -0.262        0.000000 
Log Financial Assets / 10           0.033           0.404       -0.000000 
Non-Positive Assets                 0.124           1.559       -0.000000 
Unemployement Rate                 -0.111          -7.562        0.000000 
Std Dev                             0.773          24.849        0.000000 
Error Std Dev                       1.521          79.384       -0.000001 

Log-likelihood   -21133.9
Estimates of Model 2.0
26-Jul-2007 17:25:10
Sample size 11616
Number of iterations = 12
Error at last iteration = 8.19e-07
                                 estimate      std. error          t-stat 
Constant                            0.102           0.319           0.320 
Black                              -0.056           0.046          -1.207 
Hispanic                            0.119           0.058           2.067 
Male                                0.195           0.034           5.735 
Lt 12 Yrs Ed                        0.059           0.044           1.342 
13-16 Yrs Ed                        0.225           0.042           5.402 
Gt 16 Yrs Ed                        0.432           0.059           7.352 
Age / 10                           -0.231           0.031          -7.437 
Log Total Income / 10              -0.182           0.183          -0.993 
Zero Total Income                  -0.059           0.225          -0.262 
Log Financial Assets / 10           0.033           0.081           0.404 
Non-Positive Assets                 0.124           0.080           1.559 
Unemployement Rate                 -0.111           0.015          -7.562 
Std Dev                             0.773           0.031          24.849 
Error Std Dev                       1.521           0.019          79.384 

Log-likelihood   -21133.9
